Training: 2023-07-17 05:18:02,220-rank_id: 0
Training: 2023-07-17 05:18:07,783-: margin_list              [1.0, 0.0, 0.4]
Training: 2023-07-17 05:18:07,784-: network                  ghost
Training: 2023-07-17 05:18:07,784-: resume                   False
Training: 2023-07-17 05:18:07,784-: save_all_states          False
Training: 2023-07-17 05:18:07,784-: output                   wf4m_arcface_ghost
Training: 2023-07-17 05:18:07,784-: embedding_size           512
Training: 2023-07-17 05:18:07,784-: sample_rate              1.0
Training: 2023-07-17 05:18:07,785-: interclass_filtering_threshold0
Training: 2023-07-17 05:18:07,785-: fp16                     True
Training: 2023-07-17 05:18:07,785-: batch_size               128
Training: 2023-07-17 05:18:07,785-: optimizer                sgd
Training: 2023-07-17 05:18:07,785-: lr                       0.1
Training: 2023-07-17 05:18:07,785-: momentum                 0.9
Training: 2023-07-17 05:18:07,785-: weight_decay             0.0005
Training: 2023-07-17 05:18:07,786-: verbose                  2000
Training: 2023-07-17 05:18:07,786-: frequent                 10
Training: 2023-07-17 05:18:07,786-: dali                     False
Training: 2023-07-17 05:18:07,786-: dali_aug                 False
Training: 2023-07-17 05:18:07,786-: gradient_acc             1
Training: 2023-07-17 05:18:07,786-: seed                     2048
Training: 2023-07-17 05:18:07,786-: num_workers              2
Training: 2023-07-17 05:18:07,787-: wandb_key                XXXXXXXXXXXXXXXXXXXXXXXXXXXXXXXXXXXXXXXX
Training: 2023-07-17 05:18:07,787-: suffix_run_name          None
Training: 2023-07-17 05:18:07,787-: using_wandb              False
Training: 2023-07-17 05:18:07,787-: wandb_entity             entity
Training: 2023-07-17 05:18:07,787-: wandb_project            project
Training: 2023-07-17 05:18:07,787-: wandb_log_all            True
Training: 2023-07-17 05:18:07,787-: save_artifacts           False
Training: 2023-07-17 05:18:07,788-: wandb_resume             False
Training: 2023-07-17 05:18:07,788-: rec                      /opt/ml/project/data/faces_webface_112x112
Training: 2023-07-17 05:18:07,788-: num_classes              10571
Training: 2023-07-17 05:18:07,788-: num_image                494149
Training: 2023-07-17 05:18:07,788-: num_epoch                27
Training: 2023-07-17 05:18:07,788-: warmup_epoch             3
Training: 2023-07-17 05:18:07,789-: val_targets              ['lfw', 'cfp_fp', 'agedb_30']
Training: 2023-07-17 05:18:07,789-: total_batch_size         128
Training: 2023-07-17 05:18:07,789-: warmup_step              11580
Training: 2023-07-17 05:18:07,789-: total_step               104220
Training: 2023-07-17 05:19:06,381-Reducer buckets have been rebuilt in this iteration.
Training: 2023-07-17 05:19:07,806-Speed 1594.80 samples/sec   Loss 38.6004   LearningRate 0.000173   Epoch: 0   Global Step: 20   Fp16 Grad Scale: 2048   Required: 14 hours
Training: 2023-07-17 05:19:08,626-Speed 1561.91 samples/sec   Loss 38.6086   LearningRate 0.000259   Epoch: 0   Global Step: 30   Fp16 Grad Scale: 2048   Required: 10 hours
Training: 2023-07-17 05:19:09,627-Speed 1279.36 samples/sec   Loss 38.3571   LearningRate 0.000345   Epoch: 0   Global Step: 40   Fp16 Grad Scale: 2048   Required: 8 hours
Training: 2023-07-17 05:19:10,565-Speed 1365.23 samples/sec   Loss 38.0207   LearningRate 0.000432   Epoch: 0   Global Step: 50   Fp16 Grad Scale: 2048   Required: 7 hours
Training: 2023-07-17 05:19:11,611-Speed 1225.15 samples/sec   Loss 37.9520   LearningRate 0.000518   Epoch: 0   Global Step: 60   Fp16 Grad Scale: 2048   Required: 7 hours
Training: 2023-07-17 05:19:12,534-Speed 1387.96 samples/sec   Loss 37.6648   LearningRate 0.000604   Epoch: 0   Global Step: 70   Fp16 Grad Scale: 2048   Required: 6 hours
Training: 2023-07-17 05:19:13,573-Speed 1233.33 samples/sec   Loss 37.5565   LearningRate 0.000691   Epoch: 0   Global Step: 80   Fp16 Grad Scale: 2048   Required: 6 hours
Training: 2023-07-17 05:19:14,501-Speed 1379.98 samples/sec   Loss 37.4966   LearningRate 0.000777   Epoch: 0   Global Step: 90   Fp16 Grad Scale: 2048   Required: 5 hours
Training: 2023-07-17 05:19:15,425-Speed 1386.51 samples/sec   Loss 37.5039   LearningRate 0.000864   Epoch: 0   Global Step: 100   Fp16 Grad Scale: 2048   Required: 5 hours
Training: 2023-07-17 05:19:16,667-Speed 1030.98 samples/sec   Loss 37.2538   LearningRate 0.000950   Epoch: 0   Global Step: 110   Fp16 Grad Scale: 2048   Required: 5 hours
Training: 2023-07-17 05:19:17,713-Speed 1224.22 samples/sec   Loss 37.2398   LearningRate 0.001036   Epoch: 0   Global Step: 120   Fp16 Grad Scale: 4096   Required: 5 hours
Training: 2023-07-17 05:19:18,673-Speed 1335.27 samples/sec   Loss 37.3321   LearningRate 0.001123   Epoch: 0   Global Step: 130   Fp16 Grad Scale: 4096   Required: 5 hours
Training: 2023-07-17 05:19:19,593-Speed 1392.74 samples/sec   Loss 37.3739   LearningRate 0.001209   Epoch: 0   Global Step: 140   Fp16 Grad Scale: 4096   Required: 5 hours
Training: 2023-07-17 05:19:20,611-Speed 1258.33 samples/sec   Loss 37.2915   LearningRate 0.001295   Epoch: 0   Global Step: 150   Fp16 Grad Scale: 4096   Required: 4 hours
Training: 2023-07-17 05:19:21,751-Speed 1123.21 samples/sec   Loss 37.1433   LearningRate 0.001382   Epoch: 0   Global Step: 160   Fp16 Grad Scale: 4096   Required: 4 hours
Training: 2023-07-17 05:19:22,570-Speed 1563.59 samples/sec   Loss 37.2221   LearningRate 0.001468   Epoch: 0   Global Step: 170   Fp16 Grad Scale: 4096   Required: 4 hours
Training: 2023-07-17 05:19:23,435-Speed 1482.32 samples/sec   Loss 37.1231   LearningRate 0.001554   Epoch: 0   Global Step: 180   Fp16 Grad Scale: 4096   Required: 4 hours
Training: 2023-07-17 05:19:24,407-Speed 1317.29 samples/sec   Loss 37.3215   LearningRate 0.001641   Epoch: 0   Global Step: 190   Fp16 Grad Scale: 4096   Required: 4 hours
Training: 2023-07-17 05:19:25,388-Speed 1306.25 samples/sec   Loss 37.4697   LearningRate 0.001727   Epoch: 0   Global Step: 200   Fp16 Grad Scale: 4096   Required: 4 hours
Training: 2023-07-17 05:19:26,412-Speed 1251.24 samples/sec   Loss 37.3189   LearningRate 0.001813   Epoch: 0   Global Step: 210   Fp16 Grad Scale: 4096   Required: 4 hours
Training: 2023-07-17 05:19:27,365-Speed 1344.44 samples/sec   Loss 37.4565   LearningRate 0.001900   Epoch: 0   Global Step: 220   Fp16 Grad Scale: 4096   Required: 4 hours
Training: 2023-07-17 05:19:28,243-Speed 1458.00 samples/sec   Loss 37.7448   LearningRate 0.001986   Epoch: 0   Global Step: 230   Fp16 Grad Scale: 4096   Required: 4 hours
Training: 2023-07-17 05:19:29,132-Speed 1441.22 samples/sec   Loss 37.6635   LearningRate 0.002073   Epoch: 0   Global Step: 240   Fp16 Grad Scale: 4096   Required: 4 hours
Training: 2023-07-17 05:19:30,041-Speed 1410.46 samples/sec   Loss 37.6671   LearningRate 0.002159   Epoch: 0   Global Step: 250   Fp16 Grad Scale: 4096   Required: 4 hours
Training: 2023-07-17 05:19:30,943-Speed 1419.74 samples/sec   Loss 37.7321   LearningRate 0.002245   Epoch: 0   Global Step: 260   Fp16 Grad Scale: 4096   Required: 4 hours
Training: 2023-07-17 05:19:31,874-Speed 1376.09 samples/sec   Loss 37.7940   LearningRate 0.002332   Epoch: 0   Global Step: 270   Fp16 Grad Scale: 4096   Required: 4 hours
Training: 2023-07-17 05:19:32,729-Speed 1497.78 samples/sec   Loss 37.7903   LearningRate 0.002418   Epoch: 0   Global Step: 280   Fp16 Grad Scale: 4096   Required: 4 hours
Training: 2023-07-17 05:19:33,675-Speed 1354.79 samples/sec   Loss 37.9695   LearningRate 0.002504   Epoch: 0   Global Step: 290   Fp16 Grad Scale: 4096   Required: 4 hours
Training: 2023-07-17 05:19:34,580-Speed 1414.80 samples/sec   Loss 38.0996   LearningRate 0.002591   Epoch: 0   Global Step: 300   Fp16 Grad Scale: 4096   Required: 4 hours
Training: 2023-07-17 05:19:35,523-Speed 1359.35 samples/sec   Loss 37.9790   LearningRate 0.002677   Epoch: 0   Global Step: 310   Fp16 Grad Scale: 4096   Required: 4 hours
Training: 2023-07-17 05:19:36,455-Speed 1374.92 samples/sec   Loss 38.2171   LearningRate 0.002763   Epoch: 0   Global Step: 320   Fp16 Grad Scale: 8192   Required: 4 hours
Training: 2023-07-17 05:19:37,298-Speed 1519.76 samples/sec   Loss 38.2584   LearningRate 0.002850   Epoch: 0   Global Step: 330   Fp16 Grad Scale: 8192   Required: 3 hours
Training: 2023-07-17 05:19:38,126-Speed 1547.66 samples/sec   Loss 38.4659   LearningRate 0.002936   Epoch: 0   Global Step: 340   Fp16 Grad Scale: 8192   Required: 3 hours
Training: 2023-07-17 05:19:39,032-Speed 1413.90 samples/sec   Loss 38.4349   LearningRate 0.003022   Epoch: 0   Global Step: 350   Fp16 Grad Scale: 8192   Required: 3 hours
Training: 2023-07-17 05:19:39,939-Speed 1413.23 samples/sec   Loss 38.2964   LearningRate 0.003109   Epoch: 0   Global Step: 360   Fp16 Grad Scale: 8192   Required: 3 hours
Training: 2023-07-17 05:19:40,800-Speed 1488.55 samples/sec   Loss 38.5284   LearningRate 0.003195   Epoch: 0   Global Step: 370   Fp16 Grad Scale: 8192   Required: 3 hours
Training: 2023-07-17 05:19:41,708-Speed 1409.90 samples/sec   Loss 38.5347   LearningRate 0.003282   Epoch: 0   Global Step: 380   Fp16 Grad Scale: 8192   Required: 3 hours
Training: 2023-07-17 05:19:42,568-Speed 1489.48 samples/sec   Loss 38.5241   LearningRate 0.003368   Epoch: 0   Global Step: 390   Fp16 Grad Scale: 4096   Required: 3 hours
Training: 2023-07-17 05:19:43,511-Speed 1358.73 samples/sec   Loss 38.5002   LearningRate 0.003454   Epoch: 0   Global Step: 400   Fp16 Grad Scale: 4096   Required: 3 hours
Training: 2023-07-17 05:19:44,476-Speed 1327.58 samples/sec   Loss 38.4294   LearningRate 0.003541   Epoch: 0   Global Step: 410   Fp16 Grad Scale: 4096   Required: 3 hours
Training: 2023-07-17 05:19:45,352-Speed 1463.93 samples/sec   Loss 38.4329   LearningRate 0.003627   Epoch: 0   Global Step: 420   Fp16 Grad Scale: 4096   Required: 3 hours
Training: 2023-07-17 05:19:46,303-Speed 1346.40 samples/sec   Loss 38.8605   LearningRate 0.003713   Epoch: 0   Global Step: 430   Fp16 Grad Scale: 4096   Required: 3 hours
Training: 2023-07-17 05:19:47,205-Speed 1420.79 samples/sec   Loss 38.8206   LearningRate 0.003800   Epoch: 0   Global Step: 440   Fp16 Grad Scale: 4096   Required: 3 hours
Training: 2023-07-17 05:19:48,040-Speed 1534.48 samples/sec   Loss 38.8130   LearningRate 0.003886   Epoch: 0   Global Step: 450   Fp16 Grad Scale: 4096   Required: 3 hours
Training: 2023-07-17 05:19:48,981-Speed 1361.70 samples/sec   Loss 38.6381   LearningRate 0.003972   Epoch: 0   Global Step: 460   Fp16 Grad Scale: 4096   Required: 3 hours
Training: 2023-07-17 05:19:49,808-Speed 1549.48 samples/sec   Loss 38.7670   LearningRate 0.004059   Epoch: 0   Global Step: 470   Fp16 Grad Scale: 4096   Required: 3 hours
Training: 2023-07-17 05:19:50,762-Speed 1343.21 samples/sec   Loss 38.8471   LearningRate 0.004145   Epoch: 0   Global Step: 480   Fp16 Grad Scale: 4096   Required: 3 hours
Training: 2023-07-17 05:19:51,589-Speed 1547.90 samples/sec   Loss 38.6412   LearningRate 0.004231   Epoch: 0   Global Step: 490   Fp16 Grad Scale: 4096   Required: 3 hours
Training: 2023-07-17 05:19:52,453-Speed 1482.67 samples/sec   Loss 38.7026   LearningRate 0.004318   Epoch: 0   Global Step: 500   Fp16 Grad Scale: 4096   Required: 3 hours
Training: 2023-07-17 05:19:53,352-Speed 1426.00 samples/sec   Loss 38.5911   LearningRate 0.004404   Epoch: 0   Global Step: 510   Fp16 Grad Scale: 4096   Required: 3 hours
Training: 2023-07-17 05:19:54,258-Speed 1413.53 samples/sec   Loss 38.8618   LearningRate 0.004491   Epoch: 0   Global Step: 520   Fp16 Grad Scale: 4096   Required: 3 hours
Training: 2023-07-17 05:19:55,162-Speed 1417.74 samples/sec   Loss 38.6506   LearningRate 0.004577   Epoch: 0   Global Step: 530   Fp16 Grad Scale: 4096   Required: 3 hours
Training: 2023-07-17 05:19:56,109-Speed 1352.76 samples/sec   Loss 38.7941   LearningRate 0.004663   Epoch: 0   Global Step: 540   Fp16 Grad Scale: 4096   Required: 3 hours
Training: 2023-07-17 05:19:57,144-Speed 1237.46 samples/sec   Loss 38.8438   LearningRate 0.004750   Epoch: 0   Global Step: 550   Fp16 Grad Scale: 4096   Required: 3 hours
Training: 2023-07-17 05:19:58,023-Speed 1457.59 samples/sec   Loss 38.8349   LearningRate 0.004836   Epoch: 0   Global Step: 560   Fp16 Grad Scale: 4096   Required: 3 hours
Training: 2023-07-17 05:19:58,999-Speed 1311.76 samples/sec   Loss 38.5510   LearningRate 0.004922   Epoch: 0   Global Step: 570   Fp16 Grad Scale: 4096   Required: 3 hours
Training: 2023-07-17 05:19:59,846-Speed 1513.51 samples/sec   Loss 38.8023   LearningRate 0.005009   Epoch: 0   Global Step: 580   Fp16 Grad Scale: 4096   Required: 3 hours
Training: 2023-07-17 05:20:00,687-Speed 1522.62 samples/sec   Loss 38.7183   LearningRate 0.005095   Epoch: 0   Global Step: 590   Fp16 Grad Scale: 8192   Required: 3 hours
Training: 2023-07-17 05:20:01,605-Speed 1395.92 samples/sec   Loss 38.8823   LearningRate 0.005181   Epoch: 0   Global Step: 600   Fp16 Grad Scale: 8192   Required: 3 hours
Training: 2023-07-17 05:20:02,517-Speed 1404.89 samples/sec   Loss 38.6916   LearningRate 0.005268   Epoch: 0   Global Step: 610   Fp16 Grad Scale: 8192   Required: 3 hours
Training: 2023-07-17 05:20:03,445-Speed 1380.08 samples/sec   Loss 38.8255   LearningRate 0.005354   Epoch: 0   Global Step: 620   Fp16 Grad Scale: 8192   Required: 3 hours
Training: 2023-07-17 05:20:04,288-Speed 1520.17 samples/sec   Loss 38.6635   LearningRate 0.005440   Epoch: 0   Global Step: 630   Fp16 Grad Scale: 8192   Required: 3 hours
Training: 2023-07-17 05:20:05,157-Speed 1474.39 samples/sec   Loss 38.8230   LearningRate 0.005527   Epoch: 0   Global Step: 640   Fp16 Grad Scale: 8192   Required: 3 hours
Training: 2023-07-17 05:20:06,075-Speed 1395.26 samples/sec   Loss 38.5863   LearningRate 0.005613   Epoch: 0   Global Step: 650   Fp16 Grad Scale: 8192   Required: 3 hours
Training: 2023-07-17 05:20:06,975-Speed 1423.52 samples/sec   Loss 38.6706   LearningRate 0.005699   Epoch: 0   Global Step: 660   Fp16 Grad Scale: 8192   Required: 3 hours
Training: 2023-07-17 05:20:07,834-Speed 1492.88 samples/sec   Loss 38.7830   LearningRate 0.005786   Epoch: 0   Global Step: 670   Fp16 Grad Scale: 8192   Required: 3 hours
Training: 2023-07-17 05:20:08,752-Speed 1394.75 samples/sec   Loss 38.6184   LearningRate 0.005872   Epoch: 0   Global Step: 680   Fp16 Grad Scale: 8192   Required: 3 hours
Training: 2023-07-17 05:20:09,584-Speed 1540.24 samples/sec   Loss 38.7190   LearningRate 0.005959   Epoch: 0   Global Step: 690   Fp16 Grad Scale: 16384   Required: 3 hours
Training: 2023-07-17 05:20:10,425-Speed 1522.72 samples/sec   Loss 38.8754   LearningRate 0.006045   Epoch: 0   Global Step: 700   Fp16 Grad Scale: 16384   Required: 3 hours
Training: 2023-07-17 05:20:11,332-Speed 1420.87 samples/sec   Loss 38.6636   LearningRate 0.006131   Epoch: 0   Global Step: 710   Fp16 Grad Scale: 16384   Required: 3 hours
Training: 2023-07-17 05:20:12,261-Speed 1379.78 samples/sec   Loss 38.7743   LearningRate 0.006218   Epoch: 0   Global Step: 720   Fp16 Grad Scale: 16384   Required: 3 hours
Training: 2023-07-17 05:20:13,101-Speed 1523.91 samples/sec   Loss 38.7272   LearningRate 0.006304   Epoch: 0   Global Step: 730   Fp16 Grad Scale: 16384   Required: 3 hours
Training: 2023-07-17 05:20:13,927-Speed 1552.19 samples/sec   Loss 38.5985   LearningRate 0.006390   Epoch: 0   Global Step: 740   Fp16 Grad Scale: 16384   Required: 3 hours
Training: 2023-07-17 05:20:14,863-Speed 1368.39 samples/sec   Loss 38.7589   LearningRate 0.006477   Epoch: 0   Global Step: 750   Fp16 Grad Scale: 16384   Required: 3 hours
Training: 2023-07-17 05:20:15,757-Speed 1433.35 samples/sec   Loss 38.6966   LearningRate 0.006563   Epoch: 0   Global Step: 760   Fp16 Grad Scale: 16384   Required: 3 hours
Training: 2023-07-17 05:20:16,702-Speed 1355.57 samples/sec   Loss 38.6358   LearningRate 0.006649   Epoch: 0   Global Step: 770   Fp16 Grad Scale: 16384   Required: 3 hours
Training: 2023-07-17 05:20:17,543-Speed 1522.49 samples/sec   Loss 38.6986   LearningRate 0.006736   Epoch: 0   Global Step: 780   Fp16 Grad Scale: 16384   Required: 3 hours
Training: 2023-07-17 05:20:18,430-Speed 1444.84 samples/sec   Loss 38.9176   LearningRate 0.006822   Epoch: 0   Global Step: 790   Fp16 Grad Scale: 32768   Required: 3 hours
Training: 2023-07-17 05:20:19,281-Speed 1506.17 samples/sec   Loss 39.0117   LearningRate 0.006908   Epoch: 0   Global Step: 800   Fp16 Grad Scale: 32768   Required: 3 hours
Training: 2023-07-17 05:20:20,171-Speed 1438.84 samples/sec   Loss 38.7461   LearningRate 0.006995   Epoch: 0   Global Step: 810   Fp16 Grad Scale: 32768   Required: 3 hours
Training: 2023-07-17 05:20:21,015-Speed 1518.26 samples/sec   Loss 38.8653   LearningRate 0.007081   Epoch: 0   Global Step: 820   Fp16 Grad Scale: 32768   Required: 3 hours
Training: 2023-07-17 05:20:21,980-Speed 1326.79 samples/sec   Loss 38.7642   LearningRate 0.007168   Epoch: 0   Global Step: 830   Fp16 Grad Scale: 32768   Required: 3 hours
Training: 2023-07-17 05:20:22,800-Speed 1564.06 samples/sec   Loss 38.6407   LearningRate 0.007254   Epoch: 0   Global Step: 840   Fp16 Grad Scale: 32768   Required: 3 hours
Training: 2023-07-17 05:20:23,649-Speed 1508.19 samples/sec   Loss 38.6235   LearningRate 0.007340   Epoch: 0   Global Step: 850   Fp16 Grad Scale: 32768   Required: 3 hours
Training: 2023-07-17 05:20:24,476-Speed 1548.89 samples/sec   Loss 38.6447   LearningRate 0.007427   Epoch: 0   Global Step: 860   Fp16 Grad Scale: 32768   Required: 3 hours
Training: 2023-07-17 05:20:25,360-Speed 1449.74 samples/sec   Loss 38.6490   LearningRate 0.007513   Epoch: 0   Global Step: 870   Fp16 Grad Scale: 32768   Required: 3 hours
Training: 2023-07-17 05:20:26,221-Speed 1487.81 samples/sec   Loss 38.7796   LearningRate 0.007599   Epoch: 0   Global Step: 880   Fp16 Grad Scale: 32768   Required: 3 hours
Training: 2023-07-17 05:20:27,068-Speed 1511.17 samples/sec   Loss 38.7574   LearningRate 0.007686   Epoch: 0   Global Step: 890   Fp16 Grad Scale: 65536   Required: 3 hours
Training: 2023-07-17 05:20:28,006-Speed 1365.65 samples/sec   Loss 38.5789   LearningRate 0.007772   Epoch: 0   Global Step: 900   Fp16 Grad Scale: 65536   Required: 3 hours
Training: 2023-07-17 05:20:28,870-Speed 1484.20 samples/sec   Loss 38.6159   LearningRate 0.007858   Epoch: 0   Global Step: 910   Fp16 Grad Scale: 65536   Required: 3 hours
Training: 2023-07-17 05:20:29,728-Speed 1492.08 samples/sec   Loss 38.6231   LearningRate 0.007945   Epoch: 0   Global Step: 920   Fp16 Grad Scale: 65536   Required: 3 hours
Training: 2023-07-17 05:20:30,581-Speed 1502.82 samples/sec   Loss 38.6933   LearningRate 0.008031   Epoch: 0   Global Step: 930   Fp16 Grad Scale: 65536   Required: 3 hours
Training: 2023-07-17 05:20:31,486-Speed 1414.41 samples/sec   Loss 38.8369   LearningRate 0.008117   Epoch: 0   Global Step: 940   Fp16 Grad Scale: 65536   Required: 3 hours
Training: 2023-07-17 05:20:32,326-Speed 1526.39 samples/sec   Loss 38.7688   LearningRate 0.008204   Epoch: 0   Global Step: 950   Fp16 Grad Scale: 32768   Required: 3 hours
Training: 2023-07-17 05:20:33,278-Speed 1345.97 samples/sec   Loss 38.5700   LearningRate 0.008290   Epoch: 0   Global Step: 960   Fp16 Grad Scale: 32768   Required: 3 hours
Training: 2023-07-17 05:20:34,098-Speed 1561.07 samples/sec   Loss 38.5098   LearningRate 0.008377   Epoch: 0   Global Step: 970   Fp16 Grad Scale: 32768   Required: 3 hours
Training: 2023-07-17 05:20:34,919-Speed 1560.88 samples/sec   Loss 38.9054   LearningRate 0.008463   Epoch: 0   Global Step: 980   Fp16 Grad Scale: 32768   Required: 3 hours
Training: 2023-07-17 05:20:35,813-Speed 1432.78 samples/sec   Loss 38.6434   LearningRate 0.008549   Epoch: 0   Global Step: 990   Fp16 Grad Scale: 32768   Required: 3 hours
Training: 2023-07-17 05:20:36,679-Speed 1479.79 samples/sec   Loss 38.6942   LearningRate 0.008636   Epoch: 0   Global Step: 1000   Fp16 Grad Scale: 32768   Required: 3 hours
Training: 2023-07-17 05:20:37,547-Speed 1476.57 samples/sec   Loss 38.8246   LearningRate 0.008722   Epoch: 0   Global Step: 1010   Fp16 Grad Scale: 32768   Required: 3 hours
Training: 2023-07-17 05:20:38,380-Speed 1537.96 samples/sec   Loss 38.7321   LearningRate 0.008808   Epoch: 0   Global Step: 1020   Fp16 Grad Scale: 32768   Required: 3 hours
Training: 2023-07-17 05:20:39,250-Speed 1472.28 samples/sec   Loss 38.5734   LearningRate 0.008895   Epoch: 0   Global Step: 1030   Fp16 Grad Scale: 32768   Required: 3 hours
Training: 2023-07-17 05:20:40,115-Speed 1480.37 samples/sec   Loss 38.6282   LearningRate 0.008981   Epoch: 0   Global Step: 1040   Fp16 Grad Scale: 32768   Required: 3 hours
Training: 2023-07-17 05:20:41,021-Speed 1414.92 samples/sec   Loss 38.6375   LearningRate 0.009067   Epoch: 0   Global Step: 1050   Fp16 Grad Scale: 65536   Required: 3 hours
Training: 2023-07-17 05:20:41,894-Speed 1467.45 samples/sec   Loss 38.3073   LearningRate 0.009154   Epoch: 0   Global Step: 1060   Fp16 Grad Scale: 65536   Required: 3 hours
Training: 2023-07-17 05:20:42,760-Speed 1478.39 samples/sec   Loss 38.5742   LearningRate 0.009240   Epoch: 0   Global Step: 1070   Fp16 Grad Scale: 65536   Required: 3 hours
Training: 2023-07-17 05:20:43,613-Speed 1502.73 samples/sec   Loss 38.7514   LearningRate 0.009326   Epoch: 0   Global Step: 1080   Fp16 Grad Scale: 65536   Required: 3 hours
Training: 2023-07-17 05:20:44,450-Speed 1529.52 samples/sec   Loss 38.7224   LearningRate 0.009413   Epoch: 0   Global Step: 1090   Fp16 Grad Scale: 65536   Required: 3 hours
Training: 2023-07-17 05:20:45,269-Speed 1565.43 samples/sec   Loss 38.7325   LearningRate 0.009499   Epoch: 0   Global Step: 1100   Fp16 Grad Scale: 65536   Required: 3 hours
Training: 2023-07-17 05:20:46,108-Speed 1526.84 samples/sec   Loss 38.7337   LearningRate 0.009585   Epoch: 0   Global Step: 1110   Fp16 Grad Scale: 65536   Required: 3 hours
Training: 2023-07-17 05:20:46,926-Speed 1566.97 samples/sec   Loss 38.8041   LearningRate 0.009672   Epoch: 0   Global Step: 1120   Fp16 Grad Scale: 65536   Required: 3 hours
Training: 2023-07-17 05:20:47,808-Speed 1452.56 samples/sec   Loss 38.6600   LearningRate 0.009758   Epoch: 0   Global Step: 1130   Fp16 Grad Scale: 65536   Required: 3 hours
Training: 2023-07-17 05:20:48,638-Speed 1544.49 samples/sec   Loss 38.9056   LearningRate 0.009845   Epoch: 0   Global Step: 1140   Fp16 Grad Scale: 65536   Required: 3 hours
Training: 2023-07-17 05:20:49,481-Speed 1519.01 samples/sec   Loss 38.6279   LearningRate 0.009931   Epoch: 0   Global Step: 1150   Fp16 Grad Scale: 131072   Required: 3 hours
Training: 2023-07-17 05:20:50,314-Speed 1538.11 samples/sec   Loss 38.7999   LearningRate 0.010017   Epoch: 0   Global Step: 1160   Fp16 Grad Scale: 131072   Required: 3 hours
Training: 2023-07-17 05:20:51,176-Speed 1485.88 samples/sec   Loss 38.6441   LearningRate 0.010104   Epoch: 0   Global Step: 1170   Fp16 Grad Scale: 131072   Required: 3 hours
Training: 2023-07-17 05:20:51,989-Speed 1576.52 samples/sec   Loss 38.7357   LearningRate 0.010190   Epoch: 0   Global Step: 1180   Fp16 Grad Scale: 131072   Required: 3 hours
Training: 2023-07-17 05:20:52,814-Speed 1551.74 samples/sec   Loss 38.7578   LearningRate 0.010276   Epoch: 0   Global Step: 1190   Fp16 Grad Scale: 131072   Required: 3 hours
Training: 2023-07-17 05:20:53,705-Speed 1437.49 samples/sec   Loss 38.8122   LearningRate 0.010363   Epoch: 0   Global Step: 1200   Fp16 Grad Scale: 131072   Required: 3 hours
Training: 2023-07-17 05:20:54,513-Speed 1585.47 samples/sec   Loss 38.5321   LearningRate 0.010449   Epoch: 0   Global Step: 1210   Fp16 Grad Scale: 131072   Required: 3 hours
Training: 2023-07-17 05:20:55,364-Speed 1506.00 samples/sec   Loss 38.8221   LearningRate 0.010535   Epoch: 0   Global Step: 1220   Fp16 Grad Scale: 131072   Required: 3 hours
Training: 2023-07-17 05:20:56,311-Speed 1352.75 samples/sec   Loss 38.5304   LearningRate 0.010622   Epoch: 0   Global Step: 1230   Fp16 Grad Scale: 131072   Required: 3 hours
Training: 2023-07-17 05:20:57,140-Speed 1545.99 samples/sec   Loss 38.7448   LearningRate 0.010708   Epoch: 0   Global Step: 1240   Fp16 Grad Scale: 131072   Required: 3 hours
Training: 2023-07-17 05:20:58,024-Speed 1449.61 samples/sec   Loss 38.8252   LearningRate 0.010794   Epoch: 0   Global Step: 1250   Fp16 Grad Scale: 262144   Required: 3 hours
Training: 2023-07-17 05:20:58,869-Speed 1516.60 samples/sec   Loss 38.4240   LearningRate 0.010881   Epoch: 0   Global Step: 1260   Fp16 Grad Scale: 131072   Required: 3 hours
Training: 2023-07-17 05:20:59,701-Speed 1538.69 samples/sec   Loss 38.5801   LearningRate 0.010967   Epoch: 0   Global Step: 1270   Fp16 Grad Scale: 131072   Required: 3 hours
Training: 2023-07-17 05:21:00,547-Speed 1514.68 samples/sec   Loss 38.5378   LearningRate 0.011054   Epoch: 0   Global Step: 1280   Fp16 Grad Scale: 131072   Required: 3 hours
Training: 2023-07-17 05:21:01,372-Speed 1552.40 samples/sec   Loss 38.7084   LearningRate 0.011140   Epoch: 0   Global Step: 1290   Fp16 Grad Scale: 131072   Required: 3 hours
Training: 2023-07-17 05:21:02,215-Speed 1520.14 samples/sec   Loss 38.6832   LearningRate 0.011226   Epoch: 0   Global Step: 1300   Fp16 Grad Scale: 131072   Required: 3 hours
Training: 2023-07-17 05:21:03,050-Speed 1534.74 samples/sec   Loss 38.6033   LearningRate 0.011313   Epoch: 0   Global Step: 1310   Fp16 Grad Scale: 131072   Required: 3 hours
Training: 2023-07-17 05:21:03,884-Speed 1537.91 samples/sec   Loss 38.4158   LearningRate 0.011399   Epoch: 0   Global Step: 1320   Fp16 Grad Scale: 131072   Required: 3 hours
Training: 2023-07-17 05:21:04,744-Speed 1489.98 samples/sec   Loss 38.5284   LearningRate 0.011485   Epoch: 0   Global Step: 1330   Fp16 Grad Scale: 131072   Required: 3 hours
Training: 2023-07-17 05:21:05,574-Speed 1543.31 samples/sec   Loss 38.6531   LearningRate 0.011572   Epoch: 0   Global Step: 1340   Fp16 Grad Scale: 131072   Required: 3 hours
Training: 2023-07-17 05:21:06,425-Speed 1506.77 samples/sec   Loss 38.2710   LearningRate 0.011658   Epoch: 0   Global Step: 1350   Fp16 Grad Scale: 131072   Required: 3 hours
Training: 2023-07-17 05:21:07,290-Speed 1480.48 samples/sec   Loss 38.7648   LearningRate 0.011744   Epoch: 0   Global Step: 1360   Fp16 Grad Scale: 131072   Required: 3 hours
Training: 2023-07-17 05:21:08,133-Speed 1519.74 samples/sec   Loss 38.4660   LearningRate 0.011831   Epoch: 0   Global Step: 1370   Fp16 Grad Scale: 131072   Required: 3 hours
Training: 2023-07-17 05:21:08,971-Speed 1530.76 samples/sec   Loss 38.6384   LearningRate 0.011917   Epoch: 0   Global Step: 1380   Fp16 Grad Scale: 131072   Required: 3 hours
Training: 2023-07-17 05:21:09,795-Speed 1554.11 samples/sec   Loss 38.4030   LearningRate 0.012003   Epoch: 0   Global Step: 1390   Fp16 Grad Scale: 131072   Required: 3 hours
Training: 2023-07-17 05:21:10,611-Speed 1570.08 samples/sec   Loss 38.3425   LearningRate 0.012090   Epoch: 0   Global Step: 1400   Fp16 Grad Scale: 131072   Required: 3 hours
Training: 2023-07-17 05:21:11,476-Speed 1481.26 samples/sec   Loss 38.3338   LearningRate 0.012176   Epoch: 0   Global Step: 1410   Fp16 Grad Scale: 131072   Required: 3 hours
Training: 2023-07-17 05:21:12,303-Speed 1549.41 samples/sec   Loss 38.5770   LearningRate 0.012263   Epoch: 0   Global Step: 1420   Fp16 Grad Scale: 131072   Required: 3 hours
Training: 2023-07-17 05:21:13,125-Speed 1559.80 samples/sec   Loss 38.1205   LearningRate 0.012349   Epoch: 0   Global Step: 1430   Fp16 Grad Scale: 131072   Required: 3 hours
Training: 2023-07-17 05:21:14,010-Speed 1447.03 samples/sec   Loss 38.3559   LearningRate 0.012435   Epoch: 0   Global Step: 1440   Fp16 Grad Scale: 131072   Required: 3 hours
Training: 2023-07-17 05:21:14,880-Speed 1472.14 samples/sec   Loss 38.1758   LearningRate 0.012522   Epoch: 0   Global Step: 1450   Fp16 Grad Scale: 131072   Required: 3 hours
Training: 2023-07-17 05:21:15,669-Speed 1625.02 samples/sec   Loss 38.2972   LearningRate 0.012608   Epoch: 0   Global Step: 1460   Fp16 Grad Scale: 262144   Required: 3 hours
Training: 2023-07-17 05:21:16,512-Speed 1520.03 samples/sec   Loss 38.2266   LearningRate 0.012694   Epoch: 0   Global Step: 1470   Fp16 Grad Scale: 131072   Required: 3 hours
Training: 2023-07-17 05:21:17,374-Speed 1485.31 samples/sec   Loss 38.2653   LearningRate 0.012781   Epoch: 0   Global Step: 1480   Fp16 Grad Scale: 131072   Required: 3 hours
Training: 2023-07-17 05:21:18,217-Speed 1520.08 samples/sec   Loss 38.0312   LearningRate 0.012867   Epoch: 0   Global Step: 1490   Fp16 Grad Scale: 131072   Required: 3 hours
Training: 2023-07-17 05:21:19,124-Speed 1412.30 samples/sec   Loss 38.3255   LearningRate 0.012953   Epoch: 0   Global Step: 1500   Fp16 Grad Scale: 131072   Required: 3 hours
Training: 2023-07-17 05:21:19,972-Speed 1510.85 samples/sec   Loss 38.2367   LearningRate 0.013040   Epoch: 0   Global Step: 1510   Fp16 Grad Scale: 131072   Required: 3 hours
Training: 2023-07-17 05:21:20,832-Speed 1489.54 samples/sec   Loss 38.3333   LearningRate 0.013126   Epoch: 0   Global Step: 1520   Fp16 Grad Scale: 131072   Required: 3 hours
Training: 2023-07-17 05:21:21,677-Speed 1516.98 samples/sec   Loss 38.0583   LearningRate 0.013212   Epoch: 0   Global Step: 1530   Fp16 Grad Scale: 131072   Required: 3 hours
Training: 2023-07-17 05:21:22,625-Speed 1350.41 samples/sec   Loss 37.7869   LearningRate 0.013299   Epoch: 0   Global Step: 1540   Fp16 Grad Scale: 131072   Required: 3 hours
Training: 2023-07-17 05:21:23,480-Speed 1507.55 samples/sec   Loss 37.8332   LearningRate 0.013385   Epoch: 0   Global Step: 1550   Fp16 Grad Scale: 131072   Required: 3 hours
Training: 2023-07-17 05:21:24,314-Speed 1537.37 samples/sec   Loss 37.9671   LearningRate 0.013472   Epoch: 0   Global Step: 1560   Fp16 Grad Scale: 131072   Required: 3 hours
Training: 2023-07-17 05:21:25,175-Speed 1486.62 samples/sec   Loss 38.0443   LearningRate 0.013558   Epoch: 0   Global Step: 1570   Fp16 Grad Scale: 262144   Required: 3 hours
Training: 2023-07-17 05:21:26,020-Speed 1516.54 samples/sec   Loss 38.2813   LearningRate 0.013644   Epoch: 0   Global Step: 1580   Fp16 Grad Scale: 262144   Required: 3 hours
Training: 2023-07-17 05:21:26,873-Speed 1502.41 samples/sec   Loss 37.6808   LearningRate 0.013731   Epoch: 0   Global Step: 1590   Fp16 Grad Scale: 262144   Required: 3 hours
Training: 2023-07-17 05:21:27,733-Speed 1489.14 samples/sec   Loss 37.8383   LearningRate 0.013817   Epoch: 0   Global Step: 1600   Fp16 Grad Scale: 262144   Required: 3 hours
Training: 2023-07-17 05:21:28,577-Speed 1518.82 samples/sec   Loss 37.6569   LearningRate 0.013903   Epoch: 0   Global Step: 1610   Fp16 Grad Scale: 262144   Required: 3 hours
Training: 2023-07-17 05:21:29,392-Speed 1571.60 samples/sec   Loss 37.8789   LearningRate 0.013990   Epoch: 0   Global Step: 1620   Fp16 Grad Scale: 131072   Required: 3 hours
Training: 2023-07-17 05:21:30,228-Speed 1532.92 samples/sec   Loss 37.8574   LearningRate 0.014076   Epoch: 0   Global Step: 1630   Fp16 Grad Scale: 131072   Required: 3 hours
Training: 2023-07-17 05:21:31,065-Speed 1529.10 samples/sec   Loss 37.7515   LearningRate 0.014162   Epoch: 0   Global Step: 1640   Fp16 Grad Scale: 131072   Required: 3 hours
Training: 2023-07-17 05:21:31,921-Speed 1497.16 samples/sec   Loss 37.9556   LearningRate 0.014249   Epoch: 0   Global Step: 1650   Fp16 Grad Scale: 131072   Required: 3 hours
Training: 2023-07-17 05:21:32,759-Speed 1529.01 samples/sec   Loss 38.1106   LearningRate 0.014335   Epoch: 0   Global Step: 1660   Fp16 Grad Scale: 131072   Required: 3 hours
Training: 2023-07-17 05:21:33,566-Speed 1587.49 samples/sec   Loss 37.7725   LearningRate 0.014421   Epoch: 0   Global Step: 1670   Fp16 Grad Scale: 131072   Required: 3 hours
Training: 2023-07-17 05:21:34,430-Speed 1482.45 samples/sec   Loss 37.9018   LearningRate 0.014508   Epoch: 0   Global Step: 1680   Fp16 Grad Scale: 131072   Required: 3 hours
Training: 2023-07-17 05:21:35,244-Speed 1575.14 samples/sec   Loss 37.6061   LearningRate 0.014594   Epoch: 0   Global Step: 1690   Fp16 Grad Scale: 131072   Required: 3 hours
Training: 2023-07-17 05:21:36,098-Speed 1500.44 samples/sec   Loss 37.8314   LearningRate 0.014680   Epoch: 0   Global Step: 1700   Fp16 Grad Scale: 131072   Required: 3 hours
Training: 2023-07-17 05:21:37,008-Speed 1407.86 samples/sec   Loss 37.5634   LearningRate 0.014767   Epoch: 0   Global Step: 1710   Fp16 Grad Scale: 131072   Required: 3 hours
Training: 2023-07-17 05:21:37,856-Speed 1510.59 samples/sec   Loss 37.8544   LearningRate 0.014853   Epoch: 0   Global Step: 1720   Fp16 Grad Scale: 262144   Required: 3 hours
Training: 2023-07-17 05:21:38,694-Speed 1527.81 samples/sec   Loss 37.3655   LearningRate 0.014940   Epoch: 0   Global Step: 1730   Fp16 Grad Scale: 262144   Required: 3 hours
Training: 2023-07-17 05:21:39,680-Speed 1299.24 samples/sec   Loss 37.7619   LearningRate 0.015026   Epoch: 0   Global Step: 1740   Fp16 Grad Scale: 262144   Required: 3 hours
Training: 2023-07-17 05:21:40,563-Speed 1450.97 samples/sec   Loss 37.6281   LearningRate 0.015112   Epoch: 0   Global Step: 1750   Fp16 Grad Scale: 262144   Required: 3 hours
Training: 2023-07-17 05:21:41,395-Speed 1540.68 samples/sec   Loss 37.6678   LearningRate 0.015199   Epoch: 0   Global Step: 1760   Fp16 Grad Scale: 262144   Required: 3 hours
Training: 2023-07-17 05:21:42,236-Speed 1522.80 samples/sec   Loss 37.8099   LearningRate 0.015285   Epoch: 0   Global Step: 1770   Fp16 Grad Scale: 262144   Required: 3 hours
Training: 2023-07-17 05:21:43,079-Speed 1519.16 samples/sec   Loss 37.6816   LearningRate 0.015371   Epoch: 0   Global Step: 1780   Fp16 Grad Scale: 262144   Required: 3 hours
Training: 2023-07-17 05:21:43,926-Speed 1512.81 samples/sec   Loss 37.5236   LearningRate 0.015458   Epoch: 0   Global Step: 1790   Fp16 Grad Scale: 131072   Required: 3 hours
Training: 2023-07-17 05:21:44,783-Speed 1494.08 samples/sec   Loss 37.4522   LearningRate 0.015544   Epoch: 0   Global Step: 1800   Fp16 Grad Scale: 131072   Required: 3 hours
Training: 2023-07-17 05:21:45,634-Speed 1505.59 samples/sec   Loss 37.5208   LearningRate 0.015630   Epoch: 0   Global Step: 1810   Fp16 Grad Scale: 131072   Required: 3 hours
Training: 2023-07-17 05:21:46,540-Speed 1414.23 samples/sec   Loss 37.4283   LearningRate 0.015717   Epoch: 0   Global Step: 1820   Fp16 Grad Scale: 131072   Required: 3 hours
Training: 2023-07-17 05:21:47,408-Speed 1474.81 samples/sec   Loss 37.6818   LearningRate 0.015803   Epoch: 0   Global Step: 1830   Fp16 Grad Scale: 131072   Required: 3 hours
Training: 2023-07-17 05:21:48,278-Speed 1473.38 samples/sec   Loss 37.6034   LearningRate 0.015889   Epoch: 0   Global Step: 1840   Fp16 Grad Scale: 131072   Required: 3 hours
Training: 2023-07-17 05:21:49,129-Speed 1505.03 samples/sec   Loss 37.4783   LearningRate 0.015976   Epoch: 0   Global Step: 1850   Fp16 Grad Scale: 131072   Required: 3 hours
Training: 2023-07-17 05:21:49,958-Speed 1545.28 samples/sec   Loss 37.2801   LearningRate 0.016062   Epoch: 0   Global Step: 1860   Fp16 Grad Scale: 131072   Required: 3 hours
Training: 2023-07-17 05:21:50,808-Speed 1507.68 samples/sec   Loss 37.3142   LearningRate 0.016149   Epoch: 0   Global Step: 1870   Fp16 Grad Scale: 131072   Required: 3 hours
Training: 2023-07-17 05:21:51,702-Speed 1433.97 samples/sec   Loss 37.1332   LearningRate 0.016235   Epoch: 0   Global Step: 1880   Fp16 Grad Scale: 131072   Required: 3 hours
Training: 2023-07-17 05:21:52,656-Speed 1341.57 samples/sec   Loss 37.2637   LearningRate 0.016321   Epoch: 0   Global Step: 1890   Fp16 Grad Scale: 262144   Required: 3 hours
Training: 2023-07-17 05:21:53,446-Speed 1622.37 samples/sec   Loss 37.4234   LearningRate 0.016408   Epoch: 0   Global Step: 1900   Fp16 Grad Scale: 262144   Required: 3 hours
Training: 2023-07-17 05:21:54,330-Speed 1448.53 samples/sec   Loss 37.1916   LearningRate 0.016494   Epoch: 0   Global Step: 1910   Fp16 Grad Scale: 262144   Required: 3 hours
Training: 2023-07-17 05:21:55,150-Speed 1562.85 samples/sec   Loss 37.2724   LearningRate 0.016580   Epoch: 0   Global Step: 1920   Fp16 Grad Scale: 262144   Required: 3 hours
Training: 2023-07-17 05:21:55,975-Speed 1553.08 samples/sec   Loss 37.1127   LearningRate 0.016667   Epoch: 0   Global Step: 1930   Fp16 Grad Scale: 262144   Required: 3 hours
Training: 2023-07-17 05:21:56,873-Speed 1427.11 samples/sec   Loss 37.2915   LearningRate 0.016753   Epoch: 0   Global Step: 1940   Fp16 Grad Scale: 262144   Required: 3 hours
Training: 2023-07-17 05:21:57,732-Speed 1490.77 samples/sec   Loss 37.0446   LearningRate 0.016839   Epoch: 0   Global Step: 1950   Fp16 Grad Scale: 262144   Required: 3 hours
Training: 2023-07-17 05:21:58,596-Speed 1482.33 samples/sec   Loss 37.3785   LearningRate 0.016926   Epoch: 0   Global Step: 1960   Fp16 Grad Scale: 262144   Required: 3 hours
Training: 2023-07-17 05:21:59,414-Speed 1567.42 samples/sec   Loss 37.1356   LearningRate 0.017012   Epoch: 0   Global Step: 1970   Fp16 Grad Scale: 131072   Required: 3 hours
Training: 2023-07-17 05:22:00,316-Speed 1419.91 samples/sec   Loss 37.1784   LearningRate 0.017098   Epoch: 0   Global Step: 1980   Fp16 Grad Scale: 131072   Required: 3 hours
Training: 2023-07-17 05:22:01,145-Speed 1544.81 samples/sec   Loss 36.9652   LearningRate 0.017185   Epoch: 0   Global Step: 1990   Fp16 Grad Scale: 131072   Required: 3 hours
Training: 2023-07-17 05:22:01,959-Speed 1574.77 samples/sec   Loss 36.9771   LearningRate 0.017271   Epoch: 0   Global Step: 2000   Fp16 Grad Scale: 131072   Required: 3 hours
Training: 2023-07-17 05:22:20,588-Speed 68.71 samples/sec   Loss 37.0521   LearningRate 0.017358   Epoch: 0   Global Step: 2010   Fp16 Grad Scale: 65536   Required: 3 hours
Training: 2023-07-17 05:22:21,288-Speed 1831.35 samples/sec   Loss 37.1849   LearningRate 0.017444   Epoch: 0   Global Step: 2020   Fp16 Grad Scale: 65536   Required: 3 hours
Training: 2023-07-17 05:22:21,954-Speed 1922.79 samples/sec   Loss 36.9578   LearningRate 0.017530   Epoch: 0   Global Step: 2030   Fp16 Grad Scale: 65536   Required: 3 hours
Training: 2023-07-17 05:22:22,743-Speed 1625.14 samples/sec   Loss 36.8624   LearningRate 0.017617   Epoch: 0   Global Step: 2040   Fp16 Grad Scale: 65536   Required: 3 hours
Training: 2023-07-17 05:22:23,466-Speed 1771.22 samples/sec   Loss 36.6968   LearningRate 0.017703   Epoch: 0   Global Step: 2050   Fp16 Grad Scale: 65536   Required: 3 hours
Training: 2023-07-17 05:22:24,227-Speed 1685.53 samples/sec   Loss 36.6028   LearningRate 0.017789   Epoch: 0   Global Step: 2060   Fp16 Grad Scale: 65536   Required: 3 hours
Training: 2023-07-17 05:22:25,065-Speed 1530.43 samples/sec   Loss 36.9287   LearningRate 0.017876   Epoch: 0   Global Step: 2070   Fp16 Grad Scale: 65536   Required: 3 hours
Training: 2023-07-17 05:22:25,918-Speed 1502.83 samples/sec   Loss 36.7356   LearningRate 0.017962   Epoch: 0   Global Step: 2080   Fp16 Grad Scale: 65536   Required: 3 hours
Training: 2023-07-17 05:22:26,750-Speed 1540.06 samples/sec   Loss 36.6045   LearningRate 0.018048   Epoch: 0   Global Step: 2090   Fp16 Grad Scale: 65536   Required: 3 hours
Training: 2023-07-17 05:22:27,679-Speed 1379.31 samples/sec   Loss 36.9083   LearningRate 0.018135   Epoch: 0   Global Step: 2100   Fp16 Grad Scale: 65536   Required: 3 hours
Training: 2023-07-17 05:22:28,525-Speed 1513.70 samples/sec   Loss 36.6092   LearningRate 0.018221   Epoch: 0   Global Step: 2110   Fp16 Grad Scale: 131072   Required: 3 hours
Training: 2023-07-17 05:22:29,397-Speed 1469.73 samples/sec   Loss 36.9592   LearningRate 0.018307   Epoch: 0   Global Step: 2120   Fp16 Grad Scale: 131072   Required: 3 hours
Training: 2023-07-17 05:22:30,260-Speed 1483.45 samples/sec   Loss 36.9192   LearningRate 0.018394   Epoch: 0   Global Step: 2130   Fp16 Grad Scale: 131072   Required: 3 hours
Training: 2023-07-17 05:22:31,105-Speed 1517.43 samples/sec   Loss 36.8055   LearningRate 0.018480   Epoch: 0   Global Step: 2140   Fp16 Grad Scale: 131072   Required: 3 hours
Training: 2023-07-17 05:22:32,013-Speed 1410.10 samples/sec   Loss 36.6699   LearningRate 0.018566   Epoch: 0   Global Step: 2150   Fp16 Grad Scale: 65536   Required: 3 hours
Training: 2023-07-17 05:22:32,801-Speed 1626.66 samples/sec   Loss 36.9709   LearningRate 0.018653   Epoch: 0   Global Step: 2160   Fp16 Grad Scale: 65536   Required: 3 hours
Training: 2023-07-17 05:22:33,672-Speed 1470.53 samples/sec   Loss 36.7092   LearningRate 0.018739   Epoch: 0   Global Step: 2170   Fp16 Grad Scale: 65536   Required: 3 hours
Training: 2023-07-17 05:22:34,536-Speed 1483.28 samples/sec   Loss 36.8640   LearningRate 0.018826   Epoch: 0   Global Step: 2180   Fp16 Grad Scale: 65536   Required: 3 hours
Training: 2023-07-17 05:22:35,391-Speed 1497.56 samples/sec   Loss 37.1072   LearningRate 0.018912   Epoch: 0   Global Step: 2190   Fp16 Grad Scale: 65536   Required: 3 hours
Training: 2023-07-17 05:22:36,296-Speed 1416.11 samples/sec   Loss 36.8499   LearningRate 0.018998   Epoch: 0   Global Step: 2200   Fp16 Grad Scale: 65536   Required: 3 hours
Training: 2023-07-17 05:22:37,117-Speed 1560.38 samples/sec   Loss 36.6606   LearningRate 0.019085   Epoch: 0   Global Step: 2210   Fp16 Grad Scale: 65536   Required: 3 hours
Training: 2023-07-17 05:22:37,945-Speed 1548.02 samples/sec   Loss 36.7755   LearningRate 0.019171   Epoch: 0   Global Step: 2220   Fp16 Grad Scale: 65536   Required: 3 hours
Training: 2023-07-17 05:22:38,814-Speed 1474.14 samples/sec   Loss 36.4915   LearningRate 0.019257   Epoch: 0   Global Step: 2230   Fp16 Grad Scale: 65536   Required: 3 hours
Training: 2023-07-17 05:22:39,755-Speed 1360.84 samples/sec   Loss 36.7501   LearningRate 0.019344   Epoch: 0   Global Step: 2240   Fp16 Grad Scale: 65536   Required: 3 hours
Training: 2023-07-17 05:22:40,592-Speed 1530.76 samples/sec   Loss 36.6599   LearningRate 0.019430   Epoch: 0   Global Step: 2250   Fp16 Grad Scale: 131072   Required: 3 hours
Training: 2023-07-17 05:22:41,396-Speed 1594.06 samples/sec   Loss 36.7311   LearningRate 0.019516   Epoch: 0   Global Step: 2260   Fp16 Grad Scale: 131072   Required: 3 hours
Training: 2023-07-17 05:22:42,240-Speed 1517.92 samples/sec   Loss 36.8640   LearningRate 0.019603   Epoch: 0   Global Step: 2270   Fp16 Grad Scale: 131072   Required: 3 hours
Training: 2023-07-17 05:22:43,080-Speed 1525.57 samples/sec   Loss 36.6754   LearningRate 0.019689   Epoch: 0   Global Step: 2280   Fp16 Grad Scale: 131072   Required: 3 hours
Training: 2023-07-17 05:22:43,940-Speed 1489.73 samples/sec   Loss 36.9855   LearningRate 0.019775   Epoch: 0   Global Step: 2290   Fp16 Grad Scale: 131072   Required: 3 hours
Training: 2023-07-17 05:22:44,798-Speed 1492.79 samples/sec   Loss 36.8425   LearningRate 0.019862   Epoch: 0   Global Step: 2300   Fp16 Grad Scale: 131072   Required: 3 hours
Training: 2023-07-17 05:22:45,652-Speed 1500.48 samples/sec   Loss 36.8230   LearningRate 0.019948   Epoch: 0   Global Step: 2310   Fp16 Grad Scale: 131072   Required: 3 hours
Training: 2023-07-17 05:22:46,469-Speed 1568.73 samples/sec   Loss 36.6751   LearningRate 0.020035   Epoch: 0   Global Step: 2320   Fp16 Grad Scale: 131072   Required: 3 hours
Training: 2023-07-17 05:22:47,279-Speed 1580.37 samples/sec   Loss 36.7373   LearningRate 0.020121   Epoch: 0   Global Step: 2330   Fp16 Grad Scale: 131072   Required: 3 hours
Training: 2023-07-17 05:22:48,109-Speed 1545.27 samples/sec   Loss 36.5777   LearningRate 0.020207   Epoch: 0   Global Step: 2340   Fp16 Grad Scale: 131072   Required: 3 hours
Training: 2023-07-17 05:22:49,014-Speed 1414.50 samples/sec   Loss 36.5357   LearningRate 0.020294   Epoch: 0   Global Step: 2350   Fp16 Grad Scale: 262144   Required: 3 hours
Training: 2023-07-17 05:22:49,820-Speed 1589.47 samples/sec   Loss 36.6585   LearningRate 0.020380   Epoch: 0   Global Step: 2360   Fp16 Grad Scale: 131072   Required: 3 hours
Training: 2023-07-17 05:22:50,632-Speed 1579.00 samples/sec   Loss 36.6426   LearningRate 0.020466   Epoch: 0   Global Step: 2370   Fp16 Grad Scale: 131072   Required: 3 hours
Training: 2023-07-17 05:22:51,461-Speed 1544.95 samples/sec   Loss 36.7746   LearningRate 0.020553   Epoch: 0   Global Step: 2380   Fp16 Grad Scale: 131072   Required: 3 hours
Training: 2023-07-17 05:22:52,284-Speed 1557.90 samples/sec   Loss 36.4844   LearningRate 0.020639   Epoch: 0   Global Step: 2390   Fp16 Grad Scale: 65536   Required: 3 hours
Training: 2023-07-17 05:22:53,132-Speed 1511.29 samples/sec   Loss 36.7196   LearningRate 0.020725   Epoch: 0   Global Step: 2400   Fp16 Grad Scale: 65536   Required: 3 hours
Training: 2023-07-17 05:22:54,016-Speed 1448.02 samples/sec   Loss 36.5342   LearningRate 0.020812   Epoch: 0   Global Step: 2410   Fp16 Grad Scale: 65536   Required: 3 hours
Training: 2023-07-17 05:22:54,856-Speed 1525.59 samples/sec   Loss 36.4811   LearningRate 0.020898   Epoch: 0   Global Step: 2420   Fp16 Grad Scale: 65536   Required: 3 hours
Training: 2023-07-17 05:22:55,697-Speed 1522.39 samples/sec   Loss 36.3880   LearningRate 0.020984   Epoch: 0   Global Step: 2430   Fp16 Grad Scale: 65536   Required: 3 hours
Training: 2023-07-17 05:22:56,574-Speed 1461.80 samples/sec   Loss 36.7780   LearningRate 0.021071   Epoch: 0   Global Step: 2440   Fp16 Grad Scale: 65536   Required: 3 hours
Training: 2023-07-17 05:22:57,419-Speed 1516.02 samples/sec   Loss 36.6376   LearningRate 0.021157   Epoch: 0   Global Step: 2450   Fp16 Grad Scale: 65536   Required: 3 hours
Training: 2023-07-17 05:22:58,283-Speed 1483.41 samples/sec   Loss 36.8030   LearningRate 0.021244   Epoch: 0   Global Step: 2460   Fp16 Grad Scale: 65536   Required: 3 hours
Training: 2023-07-17 05:22:59,133-Speed 1505.68 samples/sec   Loss 36.2363   LearningRate 0.021330   Epoch: 0   Global Step: 2470   Fp16 Grad Scale: 65536   Required: 3 hours
Training: 2023-07-17 05:22:59,921-Speed 1627.75 samples/sec   Loss 36.3458   LearningRate 0.021416   Epoch: 0   Global Step: 2480   Fp16 Grad Scale: 65536   Required: 3 hours
Training: 2023-07-17 05:23:00,811-Speed 1439.17 samples/sec   Loss 36.4632   LearningRate 0.021503   Epoch: 0   Global Step: 2490   Fp16 Grad Scale: 131072   Required: 3 hours
Training: 2023-07-17 05:23:01,702-Speed 1438.78 samples/sec   Loss 36.6367   LearningRate 0.021589   Epoch: 0   Global Step: 2500   Fp16 Grad Scale: 131072   Required: 3 hours
Training: 2023-07-17 05:23:02,645-Speed 1358.09 samples/sec   Loss 36.2198   LearningRate 0.021675   Epoch: 0   Global Step: 2510   Fp16 Grad Scale: 131072   Required: 3 hours
Training: 2023-07-17 05:23:03,486-Speed 1523.57 samples/sec   Loss 36.3240   LearningRate 0.021762   Epoch: 0   Global Step: 2520   Fp16 Grad Scale: 131072   Required: 3 hours
Training: 2023-07-17 05:23:04,357-Speed 1471.62 samples/sec   Loss 36.5489   LearningRate 0.021848   Epoch: 0   Global Step: 2530   Fp16 Grad Scale: 131072   Required: 3 hours
Training: 2023-07-17 05:23:05,165-Speed 1585.61 samples/sec   Loss 36.6965   LearningRate 0.021934   Epoch: 0   Global Step: 2540   Fp16 Grad Scale: 131072   Required: 3 hours
Training: 2023-07-17 05:23:06,010-Speed 1515.93 samples/sec   Loss 36.7322   LearningRate 0.022021   Epoch: 0   Global Step: 2550   Fp16 Grad Scale: 131072   Required: 3 hours
Training: 2023-07-17 05:23:06,836-Speed 1549.49 samples/sec   Loss 36.6231   LearningRate 0.022107   Epoch: 0   Global Step: 2560   Fp16 Grad Scale: 131072   Required: 3 hours
Training: 2023-07-17 05:23:07,683-Speed 1513.78 samples/sec   Loss 36.1189   LearningRate 0.022193   Epoch: 0   Global Step: 2570   Fp16 Grad Scale: 131072   Required: 3 hours
Training: 2023-07-17 05:23:08,599-Speed 1398.48 samples/sec   Loss 36.4494   LearningRate 0.022280   Epoch: 0   Global Step: 2580   Fp16 Grad Scale: 131072   Required: 3 hours
Training: 2023-07-17 05:23:09,436-Speed 1531.11 samples/sec   Loss 36.2746   LearningRate 0.022366   Epoch: 0   Global Step: 2590   Fp16 Grad Scale: 262144   Required: 3 hours
Training: 2023-07-17 05:23:10,273-Speed 1530.30 samples/sec   Loss 36.2960   LearningRate 0.022453   Epoch: 0   Global Step: 2600   Fp16 Grad Scale: 131072   Required: 3 hours
Training: 2023-07-17 05:23:11,104-Speed 1540.65 samples/sec   Loss 36.3135   LearningRate 0.022539   Epoch: 0   Global Step: 2610   Fp16 Grad Scale: 131072   Required: 3 hours
Training: 2023-07-17 05:23:11,930-Speed 1550.25 samples/sec   Loss 36.4571   LearningRate 0.022625   Epoch: 0   Global Step: 2620   Fp16 Grad Scale: 131072   Required: 3 hours
Training: 2023-07-17 05:23:12,815-Speed 1448.61 samples/sec   Loss 36.5419   LearningRate 0.022712   Epoch: 0   Global Step: 2630   Fp16 Grad Scale: 131072   Required: 3 hours
Training: 2023-07-17 05:23:13,665-Speed 1509.60 samples/sec   Loss 36.6022   LearningRate 0.022798   Epoch: 0   Global Step: 2640   Fp16 Grad Scale: 131072   Required: 3 hours
Training: 2023-07-17 05:23:14,485-Speed 1562.78 samples/sec   Loss 36.2406   LearningRate 0.022884   Epoch: 0   Global Step: 2650   Fp16 Grad Scale: 131072   Required: 3 hours
Training: 2023-07-17 05:23:15,329-Speed 1518.59 samples/sec   Loss 36.2896   LearningRate 0.022971   Epoch: 0   Global Step: 2660   Fp16 Grad Scale: 131072   Required: 3 hours
Training: 2023-07-17 05:23:16,195-Speed 1478.13 samples/sec   Loss 36.4922   LearningRate 0.023057   Epoch: 0   Global Step: 2670   Fp16 Grad Scale: 131072   Required: 3 hours
Training: 2023-07-17 05:23:17,028-Speed 1537.44 samples/sec   Loss 36.4223   LearningRate 0.023143   Epoch: 0   Global Step: 2680   Fp16 Grad Scale: 131072   Required: 3 hours
Training: 2023-07-17 05:23:17,862-Speed 1536.70 samples/sec   Loss 35.8541   LearningRate 0.023230   Epoch: 0   Global Step: 2690   Fp16 Grad Scale: 131072   Required: 3 hours
Training: 2023-07-17 05:23:18,680-Speed 1566.65 samples/sec   Loss 36.5730   LearningRate 0.023316   Epoch: 0   Global Step: 2700   Fp16 Grad Scale: 131072   Required: 3 hours
Training: 2023-07-17 05:23:19,535-Speed 1498.18 samples/sec   Loss 36.5925   LearningRate 0.023402   Epoch: 0   Global Step: 2710   Fp16 Grad Scale: 131072   Required: 3 hours
Training: 2023-07-17 05:23:20,414-Speed 1458.43 samples/sec   Loss 36.3983   LearningRate 0.023489   Epoch: 0   Global Step: 2720   Fp16 Grad Scale: 131072   Required: 3 hours
Training: 2023-07-17 05:23:21,371-Speed 1338.35 samples/sec   Loss 36.1188   LearningRate 0.023575   Epoch: 0   Global Step: 2730   Fp16 Grad Scale: 131072   Required: 3 hours
Training: 2023-07-17 05:23:22,248-Speed 1461.38 samples/sec   Loss 36.4228   LearningRate 0.023661   Epoch: 0   Global Step: 2740   Fp16 Grad Scale: 131072   Required: 3 hours
Training: 2023-07-17 05:23:23,192-Speed 1355.68 samples/sec   Loss 36.2186   LearningRate 0.023748   Epoch: 0   Global Step: 2750   Fp16 Grad Scale: 131072   Required: 3 hours
Training: 2023-07-17 05:23:24,101-Speed 1410.17 samples/sec   Loss 36.0645   LearningRate 0.023834   Epoch: 0   Global Step: 2760   Fp16 Grad Scale: 131072   Required: 3 hours
Training: 2023-07-17 05:23:25,001-Speed 1423.98 samples/sec   Loss 36.2982   LearningRate 0.023921   Epoch: 0   Global Step: 2770   Fp16 Grad Scale: 131072   Required: 3 hours
Training: 2023-07-17 05:23:25,823-Speed 1558.47 samples/sec   Loss 36.5014   LearningRate 0.024007   Epoch: 0   Global Step: 2780   Fp16 Grad Scale: 131072   Required: 3 hours
Training: 2023-07-17 05:23:26,643-Speed 1562.01 samples/sec   Loss 36.5902   LearningRate 0.024093   Epoch: 0   Global Step: 2790   Fp16 Grad Scale: 131072   Required: 3 hours
Training: 2023-07-17 05:23:27,476-Speed 1537.38 samples/sec   Loss 36.2372   LearningRate 0.024180   Epoch: 0   Global Step: 2800   Fp16 Grad Scale: 262144   Required: 3 hours
Training: 2023-07-17 05:23:28,307-Speed 1542.22 samples/sec   Loss 35.9839   LearningRate 0.024266   Epoch: 0   Global Step: 2810   Fp16 Grad Scale: 65536   Required: 3 hours
Training: 2023-07-17 05:23:29,126-Speed 1564.74 samples/sec   Loss 36.1337   LearningRate 0.024352   Epoch: 0   Global Step: 2820   Fp16 Grad Scale: 65536   Required: 3 hours
Training: 2023-07-17 05:23:29,978-Speed 1502.88 samples/sec   Loss 36.0406   LearningRate 0.024439   Epoch: 0   Global Step: 2830   Fp16 Grad Scale: 65536   Required: 3 hours
Training: 2023-07-17 05:23:30,819-Speed 1522.56 samples/sec   Loss 36.4281   LearningRate 0.024525   Epoch: 0   Global Step: 2840   Fp16 Grad Scale: 65536   Required: 3 hours
Training: 2023-07-17 05:23:31,639-Speed 1563.96 samples/sec   Loss 36.1247   LearningRate 0.024611   Epoch: 0   Global Step: 2850   Fp16 Grad Scale: 65536   Required: 3 hours
Training: 2023-07-17 05:23:32,533-Speed 1432.38 samples/sec   Loss 36.2364   LearningRate 0.024698   Epoch: 0   Global Step: 2860   Fp16 Grad Scale: 65536   Required: 3 hours
Training: 2023-07-17 05:23:33,426-Speed 1435.10 samples/sec   Loss 36.1423   LearningRate 0.024784   Epoch: 0   Global Step: 2870   Fp16 Grad Scale: 65536   Required: 3 hours
Training: 2023-07-17 05:23:34,299-Speed 1467.32 samples/sec   Loss 36.3316   LearningRate 0.024870   Epoch: 0   Global Step: 2880   Fp16 Grad Scale: 65536   Required: 3 hours
Training: 2023-07-17 05:23:35,146-Speed 1511.14 samples/sec   Loss 35.9844   LearningRate 0.024957   Epoch: 0   Global Step: 2890   Fp16 Grad Scale: 65536   Required: 3 hours
Training: 2023-07-17 05:23:35,944-Speed 1607.10 samples/sec   Loss 36.1183   LearningRate 0.025043   Epoch: 0   Global Step: 2900   Fp16 Grad Scale: 65536   Required: 3 hours
Training: 2023-07-17 05:23:36,792-Speed 1510.49 samples/sec   Loss 36.0634   LearningRate 0.025130   Epoch: 0   Global Step: 2910   Fp16 Grad Scale: 131072   Required: 3 hours
Training: 2023-07-17 05:23:37,648-Speed 1496.94 samples/sec   Loss 36.2970   LearningRate 0.025216   Epoch: 0   Global Step: 2920   Fp16 Grad Scale: 65536   Required: 3 hours
Training: 2023-07-17 05:23:38,511-Speed 1483.58 samples/sec   Loss 36.0372   LearningRate 0.025302   Epoch: 0   Global Step: 2930   Fp16 Grad Scale: 65536   Required: 3 hours
Training: 2023-07-17 05:23:39,378-Speed 1477.74 samples/sec   Loss 35.9564   LearningRate 0.025389   Epoch: 0   Global Step: 2940   Fp16 Grad Scale: 65536   Required: 3 hours
Training: 2023-07-17 05:23:40,285-Speed 1415.25 samples/sec   Loss 36.0054   LearningRate 0.025475   Epoch: 0   Global Step: 2950   Fp16 Grad Scale: 65536   Required: 3 hours
Training: 2023-07-17 05:23:41,121-Speed 1531.67 samples/sec   Loss 36.0908   LearningRate 0.025561   Epoch: 0   Global Step: 2960   Fp16 Grad Scale: 65536   Required: 3 hours
Training: 2023-07-17 05:23:41,954-Speed 1537.89 samples/sec   Loss 36.2215   LearningRate 0.025648   Epoch: 0   Global Step: 2970   Fp16 Grad Scale: 65536   Required: 3 hours
Training: 2023-07-17 05:23:42,776-Speed 1560.02 samples/sec   Loss 36.0207   LearningRate 0.025734   Epoch: 0   Global Step: 2980   Fp16 Grad Scale: 65536   Required: 3 hours
Training: 2023-07-17 05:23:43,638-Speed 1485.04 samples/sec   Loss 36.5071   LearningRate 0.025820   Epoch: 0   Global Step: 2990   Fp16 Grad Scale: 65536   Required: 3 hours
Training: 2023-07-17 05:23:44,527-Speed 1441.11 samples/sec   Loss 36.1093   LearningRate 0.025907   Epoch: 0   Global Step: 3000   Fp16 Grad Scale: 65536   Required: 3 hours
Training: 2023-07-17 05:23:45,391-Speed 1483.01 samples/sec   Loss 36.5372   LearningRate 0.025993   Epoch: 0   Global Step: 3010   Fp16 Grad Scale: 65536   Required: 3 hours
Training: 2023-07-17 05:23:46,306-Speed 1399.97 samples/sec   Loss 35.8418   LearningRate 0.026079   Epoch: 0   Global Step: 3020   Fp16 Grad Scale: 131072   Required: 3 hours
Training: 2023-07-17 05:23:47,198-Speed 1437.33 samples/sec   Loss 35.9757   LearningRate 0.026166   Epoch: 0   Global Step: 3030   Fp16 Grad Scale: 131072   Required: 3 hours
Training: 2023-07-17 05:23:48,113-Speed 1398.97 samples/sec   Loss 36.1053   LearningRate 0.026252   Epoch: 0   Global Step: 3040   Fp16 Grad Scale: 131072   Required: 3 hours
Training: 2023-07-17 05:23:48,936-Speed 1557.75 samples/sec   Loss 36.1610   LearningRate 0.026339   Epoch: 0   Global Step: 3050   Fp16 Grad Scale: 131072   Required: 3 hours
Training: 2023-07-17 05:23:49,798-Speed 1485.37 samples/sec   Loss 35.9546   LearningRate 0.026425   Epoch: 0   Global Step: 3060   Fp16 Grad Scale: 131072   Required: 3 hours
Training: 2023-07-17 05:23:50,653-Speed 1498.16 samples/sec   Loss 35.6448   LearningRate 0.026511   Epoch: 0   Global Step: 3070   Fp16 Grad Scale: 131072   Required: 3 hours
Training: 2023-07-17 05:23:51,569-Speed 1398.71 samples/sec   Loss 36.2906   LearningRate 0.026598   Epoch: 0   Global Step: 3080   Fp16 Grad Scale: 131072   Required: 3 hours
Training: 2023-07-17 05:23:52,481-Speed 1404.47 samples/sec   Loss 35.8600   LearningRate 0.026684   Epoch: 0   Global Step: 3090   Fp16 Grad Scale: 131072   Required: 3 hours
Training: 2023-07-17 05:23:53,385-Speed 1417.22 samples/sec   Loss 35.8225   LearningRate 0.026770   Epoch: 0   Global Step: 3100   Fp16 Grad Scale: 131072   Required: 3 hours
Training: 2023-07-17 05:23:54,241-Speed 1496.98 samples/sec   Loss 35.9752   LearningRate 0.026857   Epoch: 0   Global Step: 3110   Fp16 Grad Scale: 131072   Required: 3 hours
Training: 2023-07-17 05:23:55,074-Speed 1537.96 samples/sec   Loss 35.7908   LearningRate 0.026943   Epoch: 0   Global Step: 3120   Fp16 Grad Scale: 262144   Required: 3 hours
Training: 2023-07-17 05:23:55,883-Speed 1583.66 samples/sec   Loss 35.6676   LearningRate 0.027029   Epoch: 0   Global Step: 3130   Fp16 Grad Scale: 131072   Required: 3 hours
Training: 2023-07-17 05:23:56,764-Speed 1453.86 samples/sec   Loss 35.8914   LearningRate 0.027116   Epoch: 0   Global Step: 3140   Fp16 Grad Scale: 131072   Required: 3 hours
Training: 2023-07-17 05:23:57,571-Speed 1588.34 samples/sec   Loss 36.0764   LearningRate 0.027202   Epoch: 0   Global Step: 3150   Fp16 Grad Scale: 131072   Required: 3 hours
Training: 2023-07-17 05:23:58,493-Speed 1390.21 samples/sec   Loss 35.7136   LearningRate 0.027288   Epoch: 0   Global Step: 3160   Fp16 Grad Scale: 131072   Required: 3 hours
Training: 2023-07-17 05:23:59,310-Speed 1566.76 samples/sec   Loss 35.7641   LearningRate 0.027375   Epoch: 0   Global Step: 3170   Fp16 Grad Scale: 131072   Required: 3 hours
Training: 2023-07-17 05:24:00,153-Speed 1519.64 samples/sec   Loss 35.7474   LearningRate 0.027461   Epoch: 0   Global Step: 3180   Fp16 Grad Scale: 131072   Required: 3 hours
Training: 2023-07-17 05:24:01,005-Speed 1503.59 samples/sec   Loss 35.9849   LearningRate 0.027547   Epoch: 0   Global Step: 3190   Fp16 Grad Scale: 131072   Required: 3 hours
Training: 2023-07-17 05:24:01,886-Speed 1455.13 samples/sec   Loss 35.7821   LearningRate 0.027634   Epoch: 0   Global Step: 3200   Fp16 Grad Scale: 131072   Required: 3 hours
Training: 2023-07-17 05:24:02,710-Speed 1555.70 samples/sec   Loss 35.7221   LearningRate 0.027720   Epoch: 0   Global Step: 3210   Fp16 Grad Scale: 131072   Required: 3 hours
Training: 2023-07-17 05:24:03,563-Speed 1501.57 samples/sec   Loss 35.9199   LearningRate 0.027807   Epoch: 0   Global Step: 3220   Fp16 Grad Scale: 65536   Required: 3 hours
Training: 2023-07-17 05:24:04,412-Speed 1508.81 samples/sec   Loss 35.4586   LearningRate 0.027893   Epoch: 0   Global Step: 3230   Fp16 Grad Scale: 65536   Required: 3 hours
Training: 2023-07-17 05:24:05,257-Speed 1516.24 samples/sec   Loss 35.7588   LearningRate 0.027979   Epoch: 0   Global Step: 3240   Fp16 Grad Scale: 65536   Required: 3 hours
Training: 2023-07-17 05:24:06,105-Speed 1510.65 samples/sec   Loss 35.5809   LearningRate 0.028066   Epoch: 0   Global Step: 3250   Fp16 Grad Scale: 65536   Required: 3 hours
Training: 2023-07-17 05:24:06,910-Speed 1590.34 samples/sec   Loss 35.5663   LearningRate 0.028152   Epoch: 0   Global Step: 3260   Fp16 Grad Scale: 65536   Required: 3 hours
Training: 2023-07-17 05:24:07,731-Speed 1561.42 samples/sec   Loss 35.7594   LearningRate 0.028238   Epoch: 0   Global Step: 3270   Fp16 Grad Scale: 65536   Required: 3 hours
Training: 2023-07-17 05:24:08,573-Speed 1520.13 samples/sec   Loss 35.8239   LearningRate 0.028325   Epoch: 0   Global Step: 3280   Fp16 Grad Scale: 65536   Required: 3 hours
Training: 2023-07-17 05:24:09,432-Speed 1491.38 samples/sec   Loss 35.5646   LearningRate 0.028411   Epoch: 0   Global Step: 3290   Fp16 Grad Scale: 65536   Required: 3 hours
Training: 2023-07-17 05:24:10,300-Speed 1476.62 samples/sec   Loss 35.3706   LearningRate 0.028497   Epoch: 0   Global Step: 3300   Fp16 Grad Scale: 65536   Required: 3 hours
Training: 2023-07-17 05:24:11,141-Speed 1522.45 samples/sec   Loss 35.7536   LearningRate 0.028584   Epoch: 0   Global Step: 3310   Fp16 Grad Scale: 65536   Required: 3 hours
Training: 2023-07-17 05:24:11,998-Speed 1495.86 samples/sec   Loss 35.6355   LearningRate 0.028670   Epoch: 0   Global Step: 3320   Fp16 Grad Scale: 131072   Required: 3 hours
Training: 2023-07-17 05:24:12,837-Speed 1526.90 samples/sec   Loss 35.6960   LearningRate 0.028756   Epoch: 0   Global Step: 3330   Fp16 Grad Scale: 131072   Required: 3 hours
Training: 2023-07-17 05:24:13,678-Speed 1523.57 samples/sec   Loss 35.3487   LearningRate 0.028843   Epoch: 0   Global Step: 3340   Fp16 Grad Scale: 131072   Required: 3 hours
Training: 2023-07-17 05:24:14,572-Speed 1433.36 samples/sec   Loss 35.5477   LearningRate 0.028929   Epoch: 0   Global Step: 3350   Fp16 Grad Scale: 131072   Required: 3 hours
Training: 2023-07-17 05:24:15,400-Speed 1545.65 samples/sec   Loss 35.7288   LearningRate 0.029016   Epoch: 0   Global Step: 3360   Fp16 Grad Scale: 131072   Required: 3 hours
Training: 2023-07-17 05:24:16,231-Speed 1542.27 samples/sec   Loss 35.4964   LearningRate 0.029102   Epoch: 0   Global Step: 3370   Fp16 Grad Scale: 131072   Required: 3 hours
Training: 2023-07-17 05:24:17,215-Speed 1302.09 samples/sec   Loss 35.7501   LearningRate 0.029188   Epoch: 0   Global Step: 3380   Fp16 Grad Scale: 131072   Required: 3 hours
Training: 2023-07-17 05:24:18,082-Speed 1476.12 samples/sec   Loss 35.4289   LearningRate 0.029275   Epoch: 0   Global Step: 3390   Fp16 Grad Scale: 131072   Required: 3 hours
Training: 2023-07-17 05:24:18,937-Speed 1498.72 samples/sec   Loss 35.6047   LearningRate 0.029361   Epoch: 0   Global Step: 3400   Fp16 Grad Scale: 65536   Required: 3 hours
Training: 2023-07-17 05:24:19,770-Speed 1537.52 samples/sec   Loss 35.6517   LearningRate 0.029447   Epoch: 0   Global Step: 3410   Fp16 Grad Scale: 65536   Required: 3 hours
Training: 2023-07-17 05:24:20,652-Speed 1453.59 samples/sec   Loss 35.4881   LearningRate 0.029534   Epoch: 0   Global Step: 3420   Fp16 Grad Scale: 65536   Required: 3 hours
Training: 2023-07-17 05:24:21,486-Speed 1535.91 samples/sec   Loss 35.7956   LearningRate 0.029620   Epoch: 0   Global Step: 3430   Fp16 Grad Scale: 65536   Required: 3 hours
Training: 2023-07-17 05:24:22,314-Speed 1546.47 samples/sec   Loss 35.5228   LearningRate 0.029706   Epoch: 0   Global Step: 3440   Fp16 Grad Scale: 65536   Required: 3 hours
Training: 2023-07-17 05:24:23,180-Speed 1479.35 samples/sec   Loss 35.6855   LearningRate 0.029793   Epoch: 0   Global Step: 3450   Fp16 Grad Scale: 65536   Required: 3 hours
Training: 2023-07-17 05:24:23,990-Speed 1582.20 samples/sec   Loss 35.2576   LearningRate 0.029879   Epoch: 0   Global Step: 3460   Fp16 Grad Scale: 65536   Required: 3 hours
Training: 2023-07-17 05:24:24,849-Speed 1491.49 samples/sec   Loss 35.3194   LearningRate 0.029965   Epoch: 0   Global Step: 3470   Fp16 Grad Scale: 65536   Required: 3 hours
Training: 2023-07-17 05:24:26,024-Speed 1090.01 samples/sec   Loss 35.2503   LearningRate 0.030052   Epoch: 0   Global Step: 3480   Fp16 Grad Scale: 65536   Required: 3 hours
Training: 2023-07-17 05:24:26,864-Speed 1526.14 samples/sec   Loss 35.6531   LearningRate 0.030138   Epoch: 0   Global Step: 3490   Fp16 Grad Scale: 65536   Required: 3 hours
Training: 2023-07-17 05:24:27,680-Speed 1570.03 samples/sec   Loss 35.6508   LearningRate 0.030225   Epoch: 0   Global Step: 3500   Fp16 Grad Scale: 131072   Required: 3 hours
Training: 2023-07-17 05:24:28,532-Speed 1502.67 samples/sec   Loss 35.3330   LearningRate 0.030311   Epoch: 0   Global Step: 3510   Fp16 Grad Scale: 131072   Required: 3 hours
Training: 2023-07-17 05:24:29,449-Speed 1396.92 samples/sec   Loss 35.2774   LearningRate 0.030397   Epoch: 0   Global Step: 3520   Fp16 Grad Scale: 131072   Required: 3 hours
Training: 2023-07-17 05:24:30,369-Speed 1393.63 samples/sec   Loss 35.5183   LearningRate 0.030484   Epoch: 0   Global Step: 3530   Fp16 Grad Scale: 131072   Required: 3 hours
Training: 2023-07-17 05:24:31,262-Speed 1433.53 samples/sec   Loss 35.7540   LearningRate 0.030570   Epoch: 0   Global Step: 3540   Fp16 Grad Scale: 131072   Required: 3 hours
Training: 2023-07-17 05:24:32,134-Speed 1469.85 samples/sec   Loss 35.1229   LearningRate 0.030656   Epoch: 0   Global Step: 3550   Fp16 Grad Scale: 131072   Required: 3 hours
Training: 2023-07-17 05:24:33,046-Speed 1404.70 samples/sec   Loss 35.3048   LearningRate 0.030743   Epoch: 0   Global Step: 3560   Fp16 Grad Scale: 131072   Required: 3 hours
Training: 2023-07-17 05:24:33,919-Speed 1466.35 samples/sec   Loss 35.4279   LearningRate 0.030829   Epoch: 0   Global Step: 3570   Fp16 Grad Scale: 131072   Required: 3 hours
Training: 2023-07-17 05:24:34,774-Speed 1498.77 samples/sec   Loss 35.1117   LearningRate 0.030915   Epoch: 0   Global Step: 3580   Fp16 Grad Scale: 131072   Required: 3 hours
Training: 2023-07-17 05:24:35,612-Speed 1529.56 samples/sec   Loss 35.0652   LearningRate 0.031002   Epoch: 0   Global Step: 3590   Fp16 Grad Scale: 131072   Required: 3 hours
Training: 2023-07-17 05:24:36,453-Speed 1522.51 samples/sec   Loss 35.2930   LearningRate 0.031088   Epoch: 0   Global Step: 3600   Fp16 Grad Scale: 262144   Required: 3 hours
Training: 2023-07-17 05:24:37,313-Speed 1490.33 samples/sec   Loss 35.3368   LearningRate 0.031174   Epoch: 0   Global Step: 3610   Fp16 Grad Scale: 131072   Required: 3 hours
Training: 2023-07-17 05:24:38,145-Speed 1538.40 samples/sec   Loss 35.4159   LearningRate 0.031261   Epoch: 0   Global Step: 3620   Fp16 Grad Scale: 131072   Required: 3 hours
Training: 2023-07-17 05:24:38,987-Speed 1521.82 samples/sec   Loss 35.2801   LearningRate 0.031347   Epoch: 0   Global Step: 3630   Fp16 Grad Scale: 131072   Required: 3 hours
Training: 2023-07-17 05:24:39,864-Speed 1462.35 samples/sec   Loss 35.5659   LearningRate 0.031434   Epoch: 0   Global Step: 3640   Fp16 Grad Scale: 131072   Required: 3 hours
Training: 2023-07-17 05:24:40,721-Speed 1494.84 samples/sec   Loss 35.3248   LearningRate 0.031520   Epoch: 0   Global Step: 3650   Fp16 Grad Scale: 131072   Required: 3 hours
Training: 2023-07-17 05:24:41,565-Speed 1519.16 samples/sec   Loss 35.2397   LearningRate 0.031606   Epoch: 0   Global Step: 3660   Fp16 Grad Scale: 131072   Required: 3 hours
Training: 2023-07-17 05:24:42,397-Speed 1539.55 samples/sec   Loss 35.1705   LearningRate 0.031693   Epoch: 0   Global Step: 3670   Fp16 Grad Scale: 131072   Required: 3 hours
Training: 2023-07-17 05:24:43,281-Speed 1448.27 samples/sec   Loss 35.2827   LearningRate 0.031779   Epoch: 0   Global Step: 3680   Fp16 Grad Scale: 131072   Required: 3 hours
Training: 2023-07-17 05:24:44,087-Speed 1589.81 samples/sec   Loss 35.2528   LearningRate 0.031865   Epoch: 0   Global Step: 3690   Fp16 Grad Scale: 131072   Required: 3 hours
Training: 2023-07-17 05:24:44,958-Speed 1472.12 samples/sec   Loss 35.1130   LearningRate 0.031952   Epoch: 0   Global Step: 3700   Fp16 Grad Scale: 131072   Required: 3 hours
Training: 2023-07-17 05:24:45,779-Speed 1561.20 samples/sec   Loss 35.0105   LearningRate 0.032038   Epoch: 0   Global Step: 3710   Fp16 Grad Scale: 131072   Required: 3 hours
Training: 2023-07-17 05:24:46,604-Speed 1552.99 samples/sec   Loss 35.3474   LearningRate 0.032124   Epoch: 0   Global Step: 3720   Fp16 Grad Scale: 131072   Required: 3 hours
Training: 2023-07-17 05:24:47,440-Speed 1531.29 samples/sec   Loss 35.2141   LearningRate 0.032211   Epoch: 0   Global Step: 3730   Fp16 Grad Scale: 131072   Required: 3 hours
Training: 2023-07-17 05:24:48,306-Speed 1480.69 samples/sec   Loss 35.3053   LearningRate 0.032297   Epoch: 0   Global Step: 3740   Fp16 Grad Scale: 131072   Required: 3 hours
Training: 2023-07-17 05:24:49,150-Speed 1518.67 samples/sec   Loss 35.0446   LearningRate 0.032383   Epoch: 0   Global Step: 3750   Fp16 Grad Scale: 131072   Required: 3 hours
Training: 2023-07-17 05:24:50,010-Speed 1488.10 samples/sec   Loss 34.8206   LearningRate 0.032470   Epoch: 0   Global Step: 3760   Fp16 Grad Scale: 131072   Required: 3 hours
Training: 2023-07-17 05:24:50,855-Speed 1517.35 samples/sec   Loss 34.9409   LearningRate 0.032556   Epoch: 0   Global Step: 3770   Fp16 Grad Scale: 131072   Required: 3 hours
Training: 2023-07-17 05:24:51,977-Speed 1141.22 samples/sec   Loss 35.1969   LearningRate 0.032642   Epoch: 0   Global Step: 3780   Fp16 Grad Scale: 131072   Required: 3 hours
Training: 2023-07-17 05:24:52,660-Speed 1876.06 samples/sec   Loss 35.3249   LearningRate 0.032729   Epoch: 0   Global Step: 3790   Fp16 Grad Scale: 131072   Required: 3 hours
Training: 2023-07-17 05:24:53,466-Speed 1589.43 samples/sec   Loss 35.2071   LearningRate 0.032815   Epoch: 0   Global Step: 3800   Fp16 Grad Scale: 131072   Required: 3 hours
Training: 2023-07-17 05:24:54,284-Speed 1567.22 samples/sec   Loss 35.3826   LearningRate 0.032902   Epoch: 0   Global Step: 3810   Fp16 Grad Scale: 262144   Required: 3 hours
Training: 2023-07-17 05:24:55,100-Speed 1568.76 samples/sec   Loss 35.5010   LearningRate 0.032988   Epoch: 0   Global Step: 3820   Fp16 Grad Scale: 65536   Required: 3 hours
Training: 2023-07-17 05:24:55,975-Speed 1464.35 samples/sec   Loss 35.3084   LearningRate 0.033074   Epoch: 0   Global Step: 3830   Fp16 Grad Scale: 65536   Required: 3 hours
Training: 2023-07-17 05:24:58,361-Speed 536.81 samples/sec   Loss 34.9189   LearningRate 0.033161   Epoch: 1   Global Step: 3840   Fp16 Grad Scale: 65536   Required: 3 hours
Training: 2023-07-17 05:24:59,221-Speed 1488.54 samples/sec   Loss 34.9337   LearningRate 0.033247   Epoch: 1   Global Step: 3850   Fp16 Grad Scale: 65536   Required: 3 hours
Training: 2023-07-17 05:25:00,092-Speed 1471.80 samples/sec   Loss 34.5115   LearningRate 0.033333   Epoch: 1   Global Step: 3860   Fp16 Grad Scale: 65536   Required: 3 hours
Training: 2023-07-17 05:25:00,949-Speed 1494.78 samples/sec   Loss 34.9909   LearningRate 0.033420   Epoch: 1   Global Step: 3870   Fp16 Grad Scale: 65536   Required: 3 hours
Training: 2023-07-17 05:25:01,801-Speed 1504.57 samples/sec   Loss 34.6660   LearningRate 0.033506   Epoch: 1   Global Step: 3880   Fp16 Grad Scale: 65536   Required: 3 hours
Training: 2023-07-17 05:25:02,626-Speed 1553.11 samples/sec   Loss 34.6385   LearningRate 0.033592   Epoch: 1   Global Step: 3890   Fp16 Grad Scale: 65536   Required: 3 hours
Training: 2023-07-17 05:25:03,476-Speed 1506.25 samples/sec   Loss 34.6197   LearningRate 0.033679   Epoch: 1   Global Step: 3900   Fp16 Grad Scale: 65536   Required: 3 hours
Training: 2023-07-17 05:25:04,317-Speed 1523.75 samples/sec   Loss 34.8593   LearningRate 0.033765   Epoch: 1   Global Step: 3910   Fp16 Grad Scale: 65536   Required: 3 hours
Training: 2023-07-17 05:25:05,164-Speed 1511.93 samples/sec   Loss 34.8531   LearningRate 0.033851   Epoch: 1   Global Step: 3920   Fp16 Grad Scale: 131072   Required: 3 hours
Training: 2023-07-17 05:25:06,023-Speed 1492.02 samples/sec   Loss 34.7334   LearningRate 0.033938   Epoch: 1   Global Step: 3930   Fp16 Grad Scale: 131072   Required: 3 hours
Training: 2023-07-17 05:25:06,854-Speed 1541.60 samples/sec   Loss 34.9837   LearningRate 0.034024   Epoch: 1   Global Step: 3940   Fp16 Grad Scale: 131072   Required: 3 hours
Training: 2023-07-17 05:25:07,721-Speed 1476.91 samples/sec   Loss 34.6868   LearningRate 0.034111   Epoch: 1   Global Step: 3950   Fp16 Grad Scale: 131072   Required: 3 hours
Training: 2023-07-17 05:25:08,542-Speed 1560.77 samples/sec   Loss 35.0081   LearningRate 0.034197   Epoch: 1   Global Step: 3960   Fp16 Grad Scale: 131072   Required: 3 hours
Training: 2023-07-17 05:25:09,372-Speed 1543.32 samples/sec   Loss 34.6437   LearningRate 0.034283   Epoch: 1   Global Step: 3970   Fp16 Grad Scale: 131072   Required: 3 hours
Training: 2023-07-17 05:25:10,248-Speed 1462.16 samples/sec   Loss 34.3494   LearningRate 0.034370   Epoch: 1   Global Step: 3980   Fp16 Grad Scale: 131072   Required: 3 hours
Training: 2023-07-17 05:25:11,091-Speed 1519.51 samples/sec   Loss 34.6405   LearningRate 0.034456   Epoch: 1   Global Step: 3990   Fp16 Grad Scale: 131072   Required: 3 hours
Training: 2023-07-17 05:25:11,961-Speed 1473.31 samples/sec   Loss 34.9572   LearningRate 0.034542   Epoch: 1   Global Step: 4000   Fp16 Grad Scale: 131072   Required: 3 hours
Training: 2023-07-17 05:25:29,681-Speed 72.24 samples/sec   Loss 34.4753   LearningRate 0.034629   Epoch: 1   Global Step: 4010   Fp16 Grad Scale: 131072   Required: 3 hours
Training: 2023-07-17 05:25:30,449-Speed 1668.25 samples/sec   Loss 34.5613   LearningRate 0.034715   Epoch: 1   Global Step: 4020   Fp16 Grad Scale: 262144   Required: 3 hours
Training: 2023-07-17 05:25:31,187-Speed 1735.80 samples/sec   Loss 34.7730   LearningRate 0.034801   Epoch: 1   Global Step: 4030   Fp16 Grad Scale: 131072   Required: 3 hours
Training: 2023-07-17 05:25:31,911-Speed 1770.91 samples/sec   Loss 34.8635   LearningRate 0.034888   Epoch: 1   Global Step: 4040   Fp16 Grad Scale: 131072   Required: 3 hours
Training: 2023-07-17 05:25:32,693-Speed 1640.21 samples/sec   Loss 34.4611   LearningRate 0.034974   Epoch: 1   Global Step: 4050   Fp16 Grad Scale: 131072   Required: 3 hours
Training: 2023-07-17 05:25:33,608-Speed 1399.54 samples/sec   Loss 34.8749   LearningRate 0.035060   Epoch: 1   Global Step: 4060   Fp16 Grad Scale: 131072   Required: 3 hours
Training: 2023-07-17 05:25:34,421-Speed 1577.01 samples/sec   Loss 34.5876   LearningRate 0.035147   Epoch: 1   Global Step: 4070   Fp16 Grad Scale: 131072   Required: 3 hours
Training: 2023-07-17 05:25:35,253-Speed 1539.35 samples/sec   Loss 34.6097   LearningRate 0.035233   Epoch: 1   Global Step: 4080   Fp16 Grad Scale: 131072   Required: 3 hours
Training: 2023-07-17 05:25:36,115-Speed 1485.72 samples/sec   Loss 34.6847   LearningRate 0.035320   Epoch: 1   Global Step: 4090   Fp16 Grad Scale: 131072   Required: 3 hours
Training: 2023-07-17 05:25:36,960-Speed 1517.05 samples/sec   Loss 34.6818   LearningRate 0.035406   Epoch: 1   Global Step: 4100   Fp16 Grad Scale: 131072   Required: 3 hours
Training: 2023-07-17 05:25:37,882-Speed 1389.73 samples/sec   Loss 34.7259   LearningRate 0.035492   Epoch: 1   Global Step: 4110   Fp16 Grad Scale: 131072   Required: 3 hours
Training: 2023-07-17 05:25:38,790-Speed 1410.51 samples/sec   Loss 34.7004   LearningRate 0.035579   Epoch: 1   Global Step: 4120   Fp16 Grad Scale: 131072   Required: 3 hours
Training: 2023-07-17 05:25:39,602-Speed 1577.24 samples/sec   Loss 34.6270   LearningRate 0.035665   Epoch: 1   Global Step: 4130   Fp16 Grad Scale: 131072   Required: 3 hours
Training: 2023-07-17 05:25:40,448-Speed 1514.88 samples/sec   Loss 34.7387   LearningRate 0.035751   Epoch: 1   Global Step: 4140   Fp16 Grad Scale: 131072   Required: 3 hours
Training: 2023-07-17 05:25:41,288-Speed 1524.58 samples/sec   Loss 34.7562   LearningRate 0.035838   Epoch: 1   Global Step: 4150   Fp16 Grad Scale: 131072   Required: 3 hours
Training: 2023-07-17 05:25:42,123-Speed 1534.66 samples/sec   Loss 34.9121   LearningRate 0.035924   Epoch: 1   Global Step: 4160   Fp16 Grad Scale: 131072   Required: 3 hours
Training: 2023-07-17 05:25:42,989-Speed 1478.66 samples/sec   Loss 34.8776   LearningRate 0.036010   Epoch: 1   Global Step: 4170   Fp16 Grad Scale: 131072   Required: 3 hours
Training: 2023-07-17 05:25:43,909-Speed 1392.46 samples/sec   Loss 34.8519   LearningRate 0.036097   Epoch: 1   Global Step: 4180   Fp16 Grad Scale: 131072   Required: 3 hours
Training: 2023-07-17 05:25:44,727-Speed 1567.58 samples/sec   Loss 34.6984   LearningRate 0.036183   Epoch: 1   Global Step: 4190   Fp16 Grad Scale: 131072   Required: 3 hours
Training: 2023-07-17 05:25:45,542-Speed 1570.37 samples/sec   Loss 34.5630   LearningRate 0.036269   Epoch: 1   Global Step: 4200   Fp16 Grad Scale: 131072   Required: 3 hours
Training: 2023-07-17 05:25:46,409-Speed 1478.06 samples/sec   Loss 34.2468   LearningRate 0.036356   Epoch: 1   Global Step: 4210   Fp16 Grad Scale: 131072   Required: 3 hours
Training: 2023-07-17 05:25:47,281-Speed 1469.96 samples/sec   Loss 34.4310   LearningRate 0.036442   Epoch: 1   Global Step: 4220   Fp16 Grad Scale: 131072   Required: 3 hours
Training: 2023-07-17 05:25:48,103-Speed 1558.93 samples/sec   Loss 34.5734   LearningRate 0.036528   Epoch: 1   Global Step: 4230   Fp16 Grad Scale: 262144   Required: 3 hours
Training: 2023-07-17 05:25:48,934-Speed 1540.33 samples/sec   Loss 34.8424   LearningRate 0.036615   Epoch: 1   Global Step: 4240   Fp16 Grad Scale: 131072   Required: 3 hours
Training: 2023-07-17 05:25:49,826-Speed 1436.21 samples/sec   Loss 34.8050   LearningRate 0.036701   Epoch: 1   Global Step: 4250   Fp16 Grad Scale: 131072   Required: 3 hours
Training: 2023-07-17 05:25:50,708-Speed 1452.57 samples/sec   Loss 34.4030   LearningRate 0.036788   Epoch: 1   Global Step: 4260   Fp16 Grad Scale: 131072   Required: 3 hours
Training: 2023-07-17 05:25:51,545-Speed 1530.71 samples/sec   Loss 34.6612   LearningRate 0.036874   Epoch: 1   Global Step: 4270   Fp16 Grad Scale: 131072   Required: 3 hours
Training: 2023-07-17 05:25:52,407-Speed 1486.48 samples/sec   Loss 34.9064   LearningRate 0.036960   Epoch: 1   Global Step: 4280   Fp16 Grad Scale: 131072   Required: 3 hours
Training: 2023-07-17 05:25:53,265-Speed 1494.20 samples/sec   Loss 34.6133   LearningRate 0.037047   Epoch: 1   Global Step: 4290   Fp16 Grad Scale: 131072   Required: 3 hours
Training: 2023-07-17 05:25:54,106-Speed 1522.15 samples/sec   Loss 34.5147   LearningRate 0.037133   Epoch: 1   Global Step: 4300   Fp16 Grad Scale: 131072   Required: 3 hours
Training: 2023-07-17 05:25:55,006-Speed 1422.95 samples/sec   Loss 34.8821   LearningRate 0.037219   Epoch: 1   Global Step: 4310   Fp16 Grad Scale: 131072   Required: 3 hours
Training: 2023-07-17 05:25:55,883-Speed 1460.74 samples/sec   Loss 34.6366   LearningRate 0.037306   Epoch: 1   Global Step: 4320   Fp16 Grad Scale: 131072   Required: 3 hours
Training: 2023-07-17 05:25:56,696-Speed 1576.87 samples/sec   Loss 34.2174   LearningRate 0.037392   Epoch: 1   Global Step: 4330   Fp16 Grad Scale: 131072   Required: 3 hours
Training: 2023-07-17 05:25:57,526-Speed 1545.32 samples/sec   Loss 34.5552   LearningRate 0.037478   Epoch: 1   Global Step: 4340   Fp16 Grad Scale: 131072   Required: 3 hours
Training: 2023-07-17 05:25:58,352-Speed 1549.94 samples/sec   Loss 34.4962   LearningRate 0.037565   Epoch: 1   Global Step: 4350   Fp16 Grad Scale: 131072   Required: 3 hours
Training: 2023-07-17 05:25:59,183-Speed 1541.45 samples/sec   Loss 34.4689   LearningRate 0.037651   Epoch: 1   Global Step: 4360   Fp16 Grad Scale: 131072   Required: 3 hours
Training: 2023-07-17 05:26:00,019-Speed 1532.40 samples/sec   Loss 34.6744   LearningRate 0.037737   Epoch: 1   Global Step: 4370   Fp16 Grad Scale: 131072   Required: 3 hours
Training: 2023-07-17 05:26:00,858-Speed 1527.95 samples/sec   Loss 34.7441   LearningRate 0.037824   Epoch: 1   Global Step: 4380   Fp16 Grad Scale: 131072   Required: 3 hours
Training: 2023-07-17 05:26:01,663-Speed 1592.40 samples/sec   Loss 34.7090   LearningRate 0.037910   Epoch: 1   Global Step: 4390   Fp16 Grad Scale: 131072   Required: 3 hours
Training: 2023-07-17 05:26:02,510-Speed 1512.34 samples/sec   Loss 34.8608   LearningRate 0.037997   Epoch: 1   Global Step: 4400   Fp16 Grad Scale: 131072   Required: 3 hours
Training: 2023-07-17 05:26:03,349-Speed 1526.91 samples/sec   Loss 34.4838   LearningRate 0.038083   Epoch: 1   Global Step: 4410   Fp16 Grad Scale: 131072   Required: 3 hours
Training: 2023-07-17 05:26:04,188-Speed 1526.43 samples/sec   Loss 34.5325   LearningRate 0.038169   Epoch: 1   Global Step: 4420   Fp16 Grad Scale: 131072   Required: 3 hours
Training: 2023-07-17 05:26:05,021-Speed 1537.86 samples/sec   Loss 34.6965   LearningRate 0.038256   Epoch: 1   Global Step: 4430   Fp16 Grad Scale: 131072   Required: 3 hours
Training: 2023-07-17 05:26:05,903-Speed 1452.29 samples/sec   Loss 34.7621   LearningRate 0.038342   Epoch: 1   Global Step: 4440   Fp16 Grad Scale: 131072   Required: 3 hours
Training: 2023-07-17 05:26:06,789-Speed 1446.03 samples/sec   Loss 34.3475   LearningRate 0.038428   Epoch: 1   Global Step: 4450   Fp16 Grad Scale: 65536   Required: 3 hours
Training: 2023-07-17 05:26:07,644-Speed 1499.32 samples/sec   Loss 34.7106   LearningRate 0.038515   Epoch: 1   Global Step: 4460   Fp16 Grad Scale: 65536   Required: 3 hours
Training: 2023-07-17 05:26:08,483-Speed 1528.65 samples/sec   Loss 34.4723   LearningRate 0.038601   Epoch: 1   Global Step: 4470   Fp16 Grad Scale: 65536   Required: 3 hours
Training: 2023-07-17 05:26:09,370-Speed 1443.55 samples/sec   Loss 33.9782   LearningRate 0.038687   Epoch: 1   Global Step: 4480   Fp16 Grad Scale: 65536   Required: 3 hours
Training: 2023-07-17 05:26:10,210-Speed 1525.11 samples/sec   Loss 34.4998   LearningRate 0.038774   Epoch: 1   Global Step: 4490   Fp16 Grad Scale: 65536   Required: 3 hours
Training: 2023-07-17 05:26:11,083-Speed 1467.84 samples/sec   Loss 34.4362   LearningRate 0.038860   Epoch: 1   Global Step: 4500   Fp16 Grad Scale: 65536   Required: 3 hours
Training: 2023-07-17 05:26:12,030-Speed 1353.00 samples/sec   Loss 34.3137   LearningRate 0.038946   Epoch: 1   Global Step: 4510   Fp16 Grad Scale: 65536   Required: 3 hours
Training: 2023-07-17 05:26:12,884-Speed 1498.30 samples/sec   Loss 34.3924   LearningRate 0.039033   Epoch: 1   Global Step: 4520   Fp16 Grad Scale: 65536   Required: 3 hours
Training: 2023-07-17 05:26:13,732-Speed 1511.32 samples/sec   Loss 34.3821   LearningRate 0.039119   Epoch: 1   Global Step: 4530   Fp16 Grad Scale: 65536   Required: 3 hours
Training: 2023-07-17 05:26:14,591-Speed 1491.52 samples/sec   Loss 34.4433   LearningRate 0.039206   Epoch: 1   Global Step: 4540   Fp16 Grad Scale: 65536   Required: 3 hours
Training: 2023-07-17 05:26:15,428-Speed 1532.10 samples/sec   Loss 34.4185   LearningRate 0.039292   Epoch: 1   Global Step: 4550   Fp16 Grad Scale: 131072   Required: 3 hours
